::1 - centling [13/Feb/2017:01:17:28 +0000] "POST /signin/ HTTP/1.1" 200 92 "-" "Mozilla/5.0 (Macintosh; Intel Mac OS X 10_12_1) AppleWebKit/537.36 (KHTML, like Gecko) Chrome/55.0.2883.95 Safari/537.36"
::1 - centling [13/Feb/2017:01:17:44 +0000] "POST /signin/ HTTP/1.1" 200 92 "-" "Mozilla/5.0 (Macintosh; Intel Mac OS X 10_12_1) AppleWebKit/537.36 (KHTML, like Gecko) Chrome/55.0.2883.95 Safari/537.36"
::1 - centling [13/Feb/2017:01:17:45 +0000] "POST /signin/ HTTP/1.1" 200 92 "-" "Mozilla/5.0 (Macintosh; Intel Mac OS X 10_12_1) AppleWebKit/537.36 (KHTML, like Gecko) Chrome/55.0.2883.95 Safari/537.36"
::1 - centling [13/Feb/2017:01:17:45 +0000] "POST /signin/ HTTP/1.1" 200 92 "-" "Mozilla/5.0 (Macintosh; Intel Mac OS X 10_12_1) AppleWebKit/537.36 (KHTML, like Gecko) Chrome/55.0.2883.95 Safari/537.36"
::1 - centling [13/Feb/2017:01:17:45 +0000] "POST /signin/ HTTP/1.1" 200 92 "-" "Mozilla/5.0 (Macintosh; Intel Mac OS X 10_12_1) AppleWebKit/537.36 (KHTML, like Gecko) Chrome/55.0.2883.95 Safari/537.36"
::1 - centling [13/Feb/2017:01:17:46 +0000] "POST /signin/ HTTP/1.1" 200 92 "-" "Mozilla/5.0 (Macintosh; Intel Mac OS X 10_12_1) AppleWebKit/537.36 (KHTML, like Gecko) Chrome/55.0.2883.95 Safari/537.36"
::1 - centling [13/Feb/2017:01:24:34 +0000] "POST /signin/ HTTP/1.1" 200 92 "-" "Mozilla/5.0 (Macintosh; Intel Mac OS X 10_12_1) AppleWebKit/537.36 (KHTML, like Gecko) Chrome/55.0.2883.95 Safari/537.36"
::1 - centling [13/Feb/2017:01:24:34 +0000] "POST /signin/ HTTP/1.1" 200 92 "-" "Mozilla/5.0 (Macintosh; Intel Mac OS X 10_12_1) AppleWebKit/537.36 (KHTML, like Gecko) Chrome/55.0.2883.95 Safari/537.36"
::1 - centling [13/Feb/2017:01:24:35 +0000] "POST /signin/ HTTP/1.1" 200 92 "-" "Mozilla/5.0 (Macintosh; Intel Mac OS X 10_12_1) AppleWebKit/537.36 (KHTML, like Gecko) Chrome/55.0.2883.95 Safari/537.36"
::1 - centling [13/Feb/2017:01:24:35 +0000] "POST /signin/ HTTP/1.1" 200 92 "-" "Mozilla/5.0 (Macintosh; Intel Mac OS X 10_12_1) AppleWebKit/537.36 (KHTML, like Gecko) Chrome/55.0.2883.95 Safari/537.36"
::1 - centling [13/Feb/2017:01:24:35 +0000] "POST /signin/ HTTP/1.1" 200 92 "-" "Mozilla/5.0 (Macintosh; Intel Mac OS X 10_12_1) AppleWebKit/537.36 (KHTML, like Gecko) Chrome/55.0.2883.95 Safari/537.36"
::1 - centling [13/Feb/2017:01:24:35 +0000] "POST /signin/ HTTP/1.1" 200 92 "-" "Mozilla/5.0 (Macintosh; Intel Mac OS X 10_12_1) AppleWebKit/537.36 (KHTML, like Gecko) Chrome/55.0.2883.95 Safari/537.36"
::1 - centling [13/Feb/2017:01:24:35 +0000] "POST /signin/ HTTP/1.1" 200 92 "-" "Mozilla/5.0 (Macintosh; Intel Mac OS X 10_12_1) AppleWebKit/537.36 (KHTML, like Gecko) Chrome/55.0.2883.95 Safari/537.36"
::1 - centling [13/Feb/2017:01:24:35 +0000] "POST /signin/ HTTP/1.1" 200 92 "-" "Mozilla/5.0 (Macintosh; Intel Mac OS X 10_12_1) AppleWebKit/537.36 (KHTML, like Gecko) Chrome/55.0.2883.95 Safari/537.36"
::1 - centling [13/Feb/2017:01:27:53 +0000] "POST /signin/ HTTP/1.1" 200 92 "-" "Mozilla/5.0 (Macintosh; Intel Mac OS X 10_12_1) AppleWebKit/537.36 (KHTML, like Gecko) Chrome/55.0.2883.95 Safari/537.36"
::1 - centling [14/Feb/2017:02:15:21 +0000] "POST /signin/ HTTP/1.1" 200 92 "-" "Mozilla/5.0 (Macintosh; Intel Mac OS X 10_12_1) AppleWebKit/537.36 (KHTML, like Gecko) Chrome/55.0.2883.95 Safari/537.36"
::1 - centling [14/Feb/2017:02:27:40 +0000] "POST /signin/ HTTP/1.1" 200 92 "-" "Mozilla/5.0 (Macintosh; Intel Mac OS X 10_12_1) AppleWebKit/537.36 (KHTML, like Gecko) Chrome/55.0.2883.95 Safari/537.36"
::1 - centling [14/Feb/2017:02:27:51 +0000] "POST /signin/ HTTP/1.1" 200 92 "-" "Mozilla/5.0 (Macintosh; Intel Mac OS X 10_12_1) AppleWebKit/537.36 (KHTML, like Gecko) Chrome/55.0.2883.95 Safari/537.36"
::1 - centling [14/Feb/2017:02:28:33 +0000] "POST /signin/ HTTP/1.1" 200 92 "-" "Mozilla/5.0 (Macintosh; Intel Mac OS X 10_12_1) AppleWebKit/537.36 (KHTML, like Gecko) Chrome/55.0.2883.95 Safari/537.36"
::1 - centling [14/Feb/2017:02:28:33 +0000] "POST /signin/ HTTP/1.1" 200 92 "-" "Mozilla/5.0 (Macintosh; Intel Mac OS X 10_12_1) AppleWebKit/537.36 (KHTML, like Gecko) Chrome/55.0.2883.95 Safari/537.36"
::1 - centling [14/Feb/2017:02:30:14 +0000] "POST /signin/ HTTP/1.1" 200 94 "-" "Mozilla/5.0 (Macintosh; Intel Mac OS X 10_12_1) AppleWebKit/537.36 (KHTML, like Gecko) Chrome/55.0.2883.95 Safari/537.36"
::1 - centling [14/Feb/2017:02:40:59 +0000] "POST /signin/ HTTP/1.1" 200 94 "-" "Mozilla/5.0 (Macintosh; Intel Mac OS X 10_12_1) AppleWebKit/537.36 (KHTML, like Gecko) Chrome/55.0.2883.95 Safari/537.36"
::1 - centling [14/Feb/2017:03:03:16 +0000] "POST /signin/ HTTP/1.1" 200 66 "-" "Mozilla/5.0 (Macintosh; Intel Mac OS X 10_12_1) AppleWebKit/537.36 (KHTML, like Gecko) Chrome/55.0.2883.95 Safari/537.36"
::1 - centling [14/Feb/2017:03:03:57 +0000] "POST /signin/ HTTP/1.1" 500 1945 "-" "Mozilla/5.0 (Macintosh; Intel Mac OS X 10_12_1) AppleWebKit/537.36 (KHTML, like Gecko) Chrome/55.0.2883.95 Safari/537.36"
::1 - centling [14/Feb/2017:03:04:08 +0000] "POST /signin/ HTTP/1.1" 500 1921 "-" "Mozilla/5.0 (Macintosh; Intel Mac OS X 10_12_1) AppleWebKit/537.36 (KHTML, like Gecko) Chrome/55.0.2883.95 Safari/537.36"
::1 - centling [14/Feb/2017:03:04:57 +0000] "POST /signin/ HTTP/1.1" 200 66 "-" "Mozilla/5.0 (Macintosh; Intel Mac OS X 10_12_1) AppleWebKit/537.36 (KHTML, like Gecko) Chrome/55.0.2883.95 Safari/537.36"
::1 - centling [14/Feb/2017:03:06:44 +0000] "POST /signin/ HTTP/1.1" 200 66 "-" "Mozilla/5.0 (Macintosh; Intel Mac OS X 10_12_1) AppleWebKit/537.36 (KHTML, like Gecko) Chrome/55.0.2883.95 Safari/537.36"
::1 - centling [14/Feb/2017:03:06:44 +0000] "POST /signin/ HTTP/1.1" 200 66 "-" "Mozilla/5.0 (Macintosh; Intel Mac OS X 10_12_1) AppleWebKit/537.36 (KHTML, like Gecko) Chrome/55.0.2883.95 Safari/537.36"
::1 - centling [14/Feb/2017:03:06:45 +0000] "POST /signin/ HTTP/1.1" 200 66 "-" "Mozilla/5.0 (Macintosh; Intel Mac OS X 10_12_1) AppleWebKit/537.36 (KHTML, like Gecko) Chrome/55.0.2883.95 Safari/537.36"
::1 - centling [14/Feb/2017:03:06:45 +0000] "POST /signin/ HTTP/1.1" 200 66 "-" "Mozilla/5.0 (Macintosh; Intel Mac OS X 10_12_1) AppleWebKit/537.36 (KHTML, like Gecko) Chrome/55.0.2883.95 Safari/537.36"
::1 - centling [14/Feb/2017:03:06:45 +0000] "POST /signin/ HTTP/1.1" 200 66 "-" "Mozilla/5.0 (Macintosh; Intel Mac OS X 10_12_1) AppleWebKit/537.36 (KHTML, like Gecko) Chrome/55.0.2883.95 Safari/537.36"
::1 - centling [14/Feb/2017:03:06:46 +0000] "POST /signin/ HTTP/1.1" 200 66 "-" "Mozilla/5.0 (Macintosh; Intel Mac OS X 10_12_1) AppleWebKit/537.36 (KHTML, like Gecko) Chrome/55.0.2883.95 Safari/537.36"
::1 - centling [14/Feb/2017:03:06:46 +0000] "POST /signin/ HTTP/1.1" 200 66 "-" "Mozilla/5.0 (Macintosh; Intel Mac OS X 10_12_1) AppleWebKit/537.36 (KHTML, like Gecko) Chrome/55.0.2883.95 Safari/537.36"
::1 - centling [14/Feb/2017:03:06:46 +0000] "POST /signin/ HTTP/1.1" 200 66 "-" "Mozilla/5.0 (Macintosh; Intel Mac OS X 10_12_1) AppleWebKit/537.36 (KHTML, like Gecko) Chrome/55.0.2883.95 Safari/537.36"
::1 - centling [14/Feb/2017:03:07:44 +0000] "POST /signin/ HTTP/1.1" 200 59 "-" "Mozilla/5.0 (Macintosh; Intel Mac OS X 10_12_1) AppleWebKit/537.36 (KHTML, like Gecko) Chrome/55.0.2883.95 Safari/537.36"
::1 - centling [14/Feb/2017:03:36:44 +0000] "POST /signin/ HTTP/1.1" - - "-" "Mozilla/5.0 (Macintosh; Intel Mac OS X 10_12_1) AppleWebKit/537.36 (KHTML, like Gecko) Chrome/55.0.2883.95 Safari/537.36"
::1 - centling [14/Feb/2017:03:46:08 +0000] "POST /signin/ HTTP/1.1" 200 59 "-" "Mozilla/5.0 (Macintosh; Intel Mac OS X 10_12_1) AppleWebKit/537.36 (KHTML, like Gecko) Chrome/55.0.2883.95 Safari/537.36"
::1 - centling [14/Feb/2017:03:48:58 +0000] "POST /signin/ HTTP/1.1" 200 59 "-" "Mozilla/5.0 (Macintosh; Intel Mac OS X 10_12_1) AppleWebKit/537.36 (KHTML, like Gecko) Chrome/55.0.2883.95 Safari/537.36"
::1 - centling [14/Feb/2017:03:49:03 +0000] "POST /signin/ HTTP/1.1" 200 59 "-" "Mozilla/5.0 (Macintosh; Intel Mac OS X 10_12_1) AppleWebKit/537.36 (KHTML, like Gecko) Chrome/55.0.2883.95 Safari/537.36"
::1 - centling [14/Feb/2017:03:50:23 +0000] "POST /signin/ HTTP/1.1" 200 59 "-" "Mozilla/5.0 (Macintosh; Intel Mac OS X 10_12_1) AppleWebKit/537.36 (KHTML, like Gecko) Chrome/55.0.2883.95 Safari/537.36"
::1 - centling [14/Feb/2017:03:53:57 +0000] "POST /signin/ HTTP/1.1" 200 59 "-" "Mozilla/5.0 (Macintosh; Intel Mac OS X 10_12_1) AppleWebKit/537.36 (KHTML, like Gecko) Chrome/55.0.2883.95 Safari/537.36"
::1 - centling [14/Feb/2017:03:54:24 +0000] "POST /signin/ HTTP/1.1" 200 59 "-" "Mozilla/5.0 (Macintosh; Intel Mac OS X 10_12_1) AppleWebKit/537.36 (KHTML, like Gecko) Chrome/55.0.2883.95 Safari/537.36"
::1 - centling [14/Feb/2017:04:14:28 +0000] "POST /signin/ HTTP/1.1" 200 66 "-" "Mozilla/5.0 (Macintosh; Intel Mac OS X 10_12_1) AppleWebKit/537.36 (KHTML, like Gecko) Chrome/55.0.2883.95 Safari/537.36"
::1 - centling [14/Feb/2017:04:18:03 +0000] "POST /signin/ HTTP/1.1" 200 66 "-" "Mozilla/5.0 (Macintosh; Intel Mac OS X 10_12_1) AppleWebKit/537.36 (KHTML, like Gecko) Chrome/55.0.2883.95 Safari/537.36"
::1 - centling [14/Feb/2017:04:18:08 +0000] "POST /signin/ HTTP/1.1" 200 66 "-" "Mozilla/5.0 (Macintosh; Intel Mac OS X 10_12_1) AppleWebKit/537.36 (KHTML, like Gecko) Chrome/55.0.2883.95 Safari/537.36"
::1 - centling [14/Feb/2017:04:18:15 +0000] "POST /signin/ HTTP/1.1" 200 66 "-" "Mozilla/5.0 (Macintosh; Intel Mac OS X 10_12_1) AppleWebKit/537.36 (KHTML, like Gecko) Chrome/55.0.2883.95 Safari/537.36"
::1 - centling [14/Feb/2017:04:18:40 +0000] "POST /signin/ HTTP/1.1" 200 66 "-" "Mozilla/5.0 (Macintosh; Intel Mac OS X 10_12_1) AppleWebKit/537.36 (KHTML, like Gecko) Chrome/55.0.2883.95 Safari/537.36"
::1 - centling [14/Feb/2017:04:18:40 +0000] "POST /signin/ HTTP/1.1" 200 66 "-" "Mozilla/5.0 (Macintosh; Intel Mac OS X 10_12_1) AppleWebKit/537.36 (KHTML, like Gecko) Chrome/55.0.2883.95 Safari/537.36"
::1 - centling [14/Feb/2017:04:19:23 +0000] "POST /signin/ HTTP/1.1" 200 66 "-" "Mozilla/5.0 (Macintosh; Intel Mac OS X 10_12_1) AppleWebKit/537.36 (KHTML, like Gecko) Chrome/55.0.2883.95 Safari/537.36"
::1 - centling [14/Feb/2017:04:19:34 +0000] "POST /signin/ HTTP/1.1" 200 66 "-" "Mozilla/5.0 (Macintosh; Intel Mac OS X 10_12_1) AppleWebKit/537.36 (KHTML, like Gecko) Chrome/55.0.2883.95 Safari/537.36"
::1 - centling [14/Feb/2017:04:23:52 +0000] "POST /signin/ HTTP/1.1" 200 22 "-" "Mozilla/5.0 (Macintosh; Intel Mac OS X 10_12_1) AppleWebKit/537.36 (KHTML, like Gecko) Chrome/55.0.2883.95 Safari/537.36"
::1 - centling [14/Feb/2017:04:24:02 +0000] "POST /signin/ HTTP/1.1" 200 22 "-" "Mozilla/5.0 (Macintosh; Intel Mac OS X 10_12_1) AppleWebKit/537.36 (KHTML, like Gecko) Chrome/55.0.2883.95 Safari/537.36"
::1 - centling [14/Feb/2017:04:24:03 +0000] "POST /signin/ HTTP/1.1" 200 22 "-" "Mozilla/5.0 (Macintosh; Intel Mac OS X 10_12_1) AppleWebKit/537.36 (KHTML, like Gecko) Chrome/55.0.2883.95 Safari/537.36"
::1 - centling [14/Feb/2017:04:24:04 +0000] "POST /signin/ HTTP/1.1" 200 22 "-" "Mozilla/5.0 (Macintosh; Intel Mac OS X 10_12_1) AppleWebKit/537.36 (KHTML, like Gecko) Chrome/55.0.2883.95 Safari/537.36"
::1 - centling [14/Feb/2017:04:24:05 +0000] "POST /signin/ HTTP/1.1" 200 22 "-" "Mozilla/5.0 (Macintosh; Intel Mac OS X 10_12_1) AppleWebKit/537.36 (KHTML, like Gecko) Chrome/55.0.2883.95 Safari/537.36"
::1 - centling [14/Feb/2017:04:24:05 +0000] "POST /signin/ HTTP/1.1" 200 22 "-" "Mozilla/5.0 (Macintosh; Intel Mac OS X 10_12_1) AppleWebKit/537.36 (KHTML, like Gecko) Chrome/55.0.2883.95 Safari/537.36"
::1 - centling [14/Feb/2017:04:24:05 +0000] "POST /signin/ HTTP/1.1" 200 22 "-" "Mozilla/5.0 (Macintosh; Intel Mac OS X 10_12_1) AppleWebKit/537.36 (KHTML, like Gecko) Chrome/55.0.2883.95 Safari/537.36"
::1 - centling [14/Feb/2017:04:24:12 +0000] "POST /signin/ HTTP/1.1" 200 22 "-" "Mozilla/5.0 (Macintosh; Intel Mac OS X 10_12_1) AppleWebKit/537.36 (KHTML, like Gecko) Chrome/55.0.2883.95 Safari/537.36"
::1 - centling [14/Feb/2017:04:24:35 +0000] "POST /signin/ HTTP/1.1" 200 66 "-" "Mozilla/5.0 (Macintosh; Intel Mac OS X 10_12_1) AppleWebKit/537.36 (KHTML, like Gecko) Chrome/55.0.2883.95 Safari/537.36"
::1 - centling [14/Feb/2017:04:24:35 +0000] "POST /signin/ HTTP/1.1" 200 66 "-" "Mozilla/5.0 (Macintosh; Intel Mac OS X 10_12_1) AppleWebKit/537.36 (KHTML, like Gecko) Chrome/55.0.2883.95 Safari/537.36"
::1 - centling [14/Feb/2017:04:51:08 +0000] "POST /signin/ HTTP/1.1" 200 66 "-" "Mozilla/5.0 (Macintosh; Intel Mac OS X 10_12_1) AppleWebKit/537.36 (KHTML, like Gecko) Chrome/55.0.2883.95 Safari/537.36"
::1 - centling [14/Feb/2017:04:51:09 +0000] "POST /signin/ HTTP/1.1" 200 66 "-" "Mozilla/5.0 (Macintosh; Intel Mac OS X 10_12_1) AppleWebKit/537.36 (KHTML, like Gecko) Chrome/55.0.2883.95 Safari/537.36"
::1 - centling [14/Feb/2017:04:51:13 +0000] "POST /signin/ HTTP/1.1" 200 22 "-" "Mozilla/5.0 (Macintosh; Intel Mac OS X 10_12_1) AppleWebKit/537.36 (KHTML, like Gecko) Chrome/55.0.2883.95 Safari/537.36"
::1 - centling [14/Feb/2017:04:52:05 +0000] "POST /signin/ HTTP/1.1" 200 66 "-" "Mozilla/5.0 (Macintosh; Intel Mac OS X 10_12_1) AppleWebKit/537.36 (KHTML, like Gecko) Chrome/55.0.2883.95 Safari/537.36"
::1 - centling [14/Feb/2017:04:52:09 +0000] "POST /signin/ HTTP/1.1" 200 22 "-" "Mozilla/5.0 (Macintosh; Intel Mac OS X 10_12_1) AppleWebKit/537.36 (KHTML, like Gecko) Chrome/55.0.2883.95 Safari/537.36"
::1 - centling [14/Feb/2017:04:52:52 +0000] "POST /signin/ HTTP/1.1" 200 66 "-" "Mozilla/5.0 (Macintosh; Intel Mac OS X 10_12_1) AppleWebKit/537.36 (KHTML, like Gecko) Chrome/55.0.2883.95 Safari/537.36"
::1 - centling [14/Feb/2017:04:53:03 +0000] "POST /signin/ HTTP/1.1" 200 22 "-" "Mozilla/5.0 (Macintosh; Intel Mac OS X 10_12_1) AppleWebKit/537.36 (KHTML, like Gecko) Chrome/55.0.2883.95 Safari/537.36"
::1 - centling [14/Feb/2017:05:52:22 +0000] "POST /signin/ HTTP/1.1" 200 22 "-" "Mozilla/5.0 (Macintosh; Intel Mac OS X 10_12_1) AppleWebKit/537.36 (KHTML, like Gecko) Chrome/55.0.2883.95 Safari/537.36"
::1 - centling [14/Feb/2017:06:01:10 +0000] "POST /signin/ HTTP/1.1" 200 22 "-" "Mozilla/5.0 (Macintosh; Intel Mac OS X 10_12_1) AppleWebKit/537.36 (KHTML, like Gecko) Chrome/55.0.2883.95 Safari/537.36"
::1 - centling [14/Feb/2017:06:10:57 +0000] "POST /signin/ HTTP/1.1" 500 1932 "-" "Mozilla/5.0 (Macintosh; Intel Mac OS X 10_12_1) AppleWebKit/537.36 (KHTML, like Gecko) Chrome/55.0.2883.95 Safari/537.36"
::1 - centling [14/Feb/2017:06:12:05 +0000] "POST /signin/ HTTP/1.1" 200 22 "-" "Mozilla/5.0 (Macintosh; Intel Mac OS X 10_12_1) AppleWebKit/537.36 (KHTML, like Gecko) Chrome/55.0.2883.95 Safari/537.36"
::1 - centling [14/Feb/2017:06:12:46 +0000] "POST /signin/ HTTP/1.1" 200 58 "-" "Mozilla/5.0 (Macintosh; Intel Mac OS X 10_12_1) AppleWebKit/537.36 (KHTML, like Gecko) Chrome/55.0.2883.95 Safari/537.36"
::1 - centling [14/Feb/2017:06:12:54 +0000] "POST /signin/ HTTP/1.1" 200 58 "-" "Mozilla/5.0 (Macintosh; Intel Mac OS X 10_12_1) AppleWebKit/537.36 (KHTML, like Gecko) Chrome/55.0.2883.95 Safari/537.36"
::1 - centling [14/Feb/2017:06:12:55 +0000] "POST /signin/ HTTP/1.1" 200 58 "-" "Mozilla/5.0 (Macintosh; Intel Mac OS X 10_12_1) AppleWebKit/537.36 (KHTML, like Gecko) Chrome/55.0.2883.95 Safari/537.36"
::1 - centling [14/Feb/2017:06:12:55 +0000] "POST /signin/ HTTP/1.1" 200 58 "-" "Mozilla/5.0 (Macintosh; Intel Mac OS X 10_12_1) AppleWebKit/537.36 (KHTML, like Gecko) Chrome/55.0.2883.95 Safari/537.36"
::1 - centling [14/Feb/2017:06:12:56 +0000] "POST /signin/ HTTP/1.1" 200 58 "-" "Mozilla/5.0 (Macintosh; Intel Mac OS X 10_12_1) AppleWebKit/537.36 (KHTML, like Gecko) Chrome/55.0.2883.95 Safari/537.36"
::1 - centling [14/Feb/2017:06:12:56 +0000] "POST /signin/ HTTP/1.1" 200 58 "-" "Mozilla/5.0 (Macintosh; Intel Mac OS X 10_12_1) AppleWebKit/537.36 (KHTML, like Gecko) Chrome/55.0.2883.95 Safari/537.36"
::1 - centling [14/Feb/2017:06:12:56 +0000] "POST /signin/ HTTP/1.1" 200 58 "-" "Mozilla/5.0 (Macintosh; Intel Mac OS X 10_12_1) AppleWebKit/537.36 (KHTML, like Gecko) Chrome/55.0.2883.95 Safari/537.36"
::1 - centling [14/Feb/2017:06:12:57 +0000] "POST /signin/ HTTP/1.1" 200 58 "-" "Mozilla/5.0 (Macintosh; Intel Mac OS X 10_12_1) AppleWebKit/537.36 (KHTML, like Gecko) Chrome/55.0.2883.95 Safari/537.36"
::1 - centling [14/Feb/2017:06:12:57 +0000] "POST /signin/ HTTP/1.1" 200 58 "-" "Mozilla/5.0 (Macintosh; Intel Mac OS X 10_12_1) AppleWebKit/537.36 (KHTML, like Gecko) Chrome/55.0.2883.95 Safari/537.36"
::1 - centling [14/Feb/2017:06:12:58 +0000] "POST /signin/ HTTP/1.1" 200 58 "-" "Mozilla/5.0 (Macintosh; Intel Mac OS X 10_12_1) AppleWebKit/537.36 (KHTML, like Gecko) Chrome/55.0.2883.95 Safari/537.36"
::1 - centling [14/Feb/2017:06:12:58 +0000] "POST /signin/ HTTP/1.1" 200 58 "-" "Mozilla/5.0 (Macintosh; Intel Mac OS X 10_12_1) AppleWebKit/537.36 (KHTML, like Gecko) Chrome/55.0.2883.95 Safari/537.36"
::1 - centling [14/Feb/2017:06:12:58 +0000] "POST /signin/ HTTP/1.1" 200 58 "-" "Mozilla/5.0 (Macintosh; Intel Mac OS X 10_12_1) AppleWebKit/537.36 (KHTML, like Gecko) Chrome/55.0.2883.95 Safari/537.36"
::1 - centling [14/Feb/2017:06:12:58 +0000] "POST /signin/ HTTP/1.1" 200 58 "-" "Mozilla/5.0 (Macintosh; Intel Mac OS X 10_12_1) AppleWebKit/537.36 (KHTML, like Gecko) Chrome/55.0.2883.95 Safari/537.36"
::1 - centling [14/Feb/2017:06:12:58 +0000] "POST /signin/ HTTP/1.1" 200 58 "-" "Mozilla/5.0 (Macintosh; Intel Mac OS X 10_12_1) AppleWebKit/537.36 (KHTML, like Gecko) Chrome/55.0.2883.95 Safari/537.36"
::1 - centling [14/Feb/2017:06:12:59 +0000] "POST /signin/ HTTP/1.1" 200 58 "-" "Mozilla/5.0 (Macintosh; Intel Mac OS X 10_12_1) AppleWebKit/537.36 (KHTML, like Gecko) Chrome/55.0.2883.95 Safari/537.36"
::1 - centling [14/Feb/2017:06:13:00 +0000] "POST /signin/ HTTP/1.1" 200 58 "-" "Mozilla/5.0 (Macintosh; Intel Mac OS X 10_12_1) AppleWebKit/537.36 (KHTML, like Gecko) Chrome/55.0.2883.95 Safari/537.36"
::1 - centling [14/Feb/2017:06:13:00 +0000] "POST /signin/ HTTP/1.1" 200 58 "-" "Mozilla/5.0 (Macintosh; Intel Mac OS X 10_12_1) AppleWebKit/537.36 (KHTML, like Gecko) Chrome/55.0.2883.95 Safari/537.36"
::1 - centling [14/Feb/2017:06:13:00 +0000] "POST /signin/ HTTP/1.1" 200 58 "-" "Mozilla/5.0 (Macintosh; Intel Mac OS X 10_12_1) AppleWebKit/537.36 (KHTML, like Gecko) Chrome/55.0.2883.95 Safari/537.36"
::1 - centling [14/Feb/2017:06:13:01 +0000] "POST /signin/ HTTP/1.1" 200 58 "-" "Mozilla/5.0 (Macintosh; Intel Mac OS X 10_12_1) AppleWebKit/537.36 (KHTML, like Gecko) Chrome/55.0.2883.95 Safari/537.36"
::1 - centling [14/Feb/2017:06:13:01 +0000] "POST /signin/ HTTP/1.1" 200 58 "-" "Mozilla/5.0 (Macintosh; Intel Mac OS X 10_12_1) AppleWebKit/537.36 (KHTML, like Gecko) Chrome/55.0.2883.95 Safari/537.36"
::1 - centling [14/Feb/2017:06:13:01 +0000] "POST /signin/ HTTP/1.1" 200 58 "-" "Mozilla/5.0 (Macintosh; Intel Mac OS X 10_12_1) AppleWebKit/537.36 (KHTML, like Gecko) Chrome/55.0.2883.95 Safari/537.36"
::1 - centling [14/Feb/2017:06:13:02 +0000] "POST /signin/ HTTP/1.1" 200 58 "-" "Mozilla/5.0 (Macintosh; Intel Mac OS X 10_12_1) AppleWebKit/537.36 (KHTML, like Gecko) Chrome/55.0.2883.95 Safari/537.36"
::1 - centling [14/Feb/2017:06:13:02 +0000] "POST /signin/ HTTP/1.1" 200 58 "-" "Mozilla/5.0 (Macintosh; Intel Mac OS X 10_12_1) AppleWebKit/537.36 (KHTML, like Gecko) Chrome/55.0.2883.95 Safari/537.36"
::1 - centling [14/Feb/2017:06:13:03 +0000] "POST /signin/ HTTP/1.1" 200 58 "-" "Mozilla/5.0 (Macintosh; Intel Mac OS X 10_12_1) AppleWebKit/537.36 (KHTML, like Gecko) Chrome/55.0.2883.95 Safari/537.36"
::1 - centling [14/Feb/2017:06:13:03 +0000] "POST /signin/ HTTP/1.1" 200 58 "-" "Mozilla/5.0 (Macintosh; Intel Mac OS X 10_12_1) AppleWebKit/537.36 (KHTML, like Gecko) Chrome/55.0.2883.95 Safari/537.36"
::1 - centling [14/Feb/2017:06:13:03 +0000] "POST /signin/ HTTP/1.1" 200 58 "-" "Mozilla/5.0 (Macintosh; Intel Mac OS X 10_12_1) AppleWebKit/537.36 (KHTML, like Gecko) Chrome/55.0.2883.95 Safari/537.36"
::1 - centling [14/Feb/2017:06:13:24 +0000] "POST /signin/ HTTP/1.1" 200 56 "-" "Mozilla/5.0 (Macintosh; Intel Mac OS X 10_12_1) AppleWebKit/537.36 (KHTML, like Gecko) Chrome/55.0.2883.95 Safari/537.36"
::1 - centling [14/Feb/2017:06:13:24 +0000] "POST /signin/ HTTP/1.1" 200 56 "-" "Mozilla/5.0 (Macintosh; Intel Mac OS X 10_12_1) AppleWebKit/537.36 (KHTML, like Gecko) Chrome/55.0.2883.95 Safari/537.36"
::1 - centling [14/Feb/2017:06:13:55 +0000] "POST /signin/ HTTP/1.1" 200 56 "-" "Mozilla/5.0 (Macintosh; Intel Mac OS X 10_12_1) AppleWebKit/537.36 (KHTML, like Gecko) Chrome/55.0.2883.95 Safari/537.36"
::1 - centling [14/Feb/2017:06:15:17 +0000] "POST /signin/ HTTP/1.1" 200 56 "-" "Mozilla/5.0 (Macintosh; Intel Mac OS X 10_12_1) AppleWebKit/537.36 (KHTML, like Gecko) Chrome/55.0.2883.95 Safari/537.36"
::1 - centling [14/Feb/2017:06:16:09 +0000] "POST /signin/ HTTP/1.1" 200 56 "-" "Mozilla/5.0 (Macintosh; Intel Mac OS X 10_12_1) AppleWebKit/537.36 (KHTML, like Gecko) Chrome/55.0.2883.95 Safari/537.36"
::1 - centling [14/Feb/2017:06:16:21 +0000] "POST /signin/ HTTP/1.1" 200 56 "-" "Mozilla/5.0 (Macintosh; Intel Mac OS X 10_12_1) AppleWebKit/537.36 (KHTML, like Gecko) Chrome/55.0.2883.95 Safari/537.36"
::1 - centling [14/Feb/2017:06:16:40 +0000] "POST /signin/ HTTP/1.1" 200 56 "-" "Mozilla/5.0 (Macintosh; Intel Mac OS X 10_12_1) AppleWebKit/537.36 (KHTML, like Gecko) Chrome/55.0.2883.95 Safari/537.36"
::1 - centling [14/Feb/2017:06:17:30 +0000] "POST /signin/ HTTP/1.1" 200 56 "-" "Mozilla/5.0 (Macintosh; Intel Mac OS X 10_12_1) AppleWebKit/537.36 (KHTML, like Gecko) Chrome/55.0.2883.95 Safari/537.36"
::1 - centling [14/Feb/2017:06:17:30 +0000] "POST /signin/ HTTP/1.1" 200 56 "-" "Mozilla/5.0 (Macintosh; Intel Mac OS X 10_12_1) AppleWebKit/537.36 (KHTML, like Gecko) Chrome/55.0.2883.95 Safari/537.36"
::1 - centling [14/Feb/2017:06:17:54 +0000] "POST /signin/ HTTP/1.1" 200 56 "-" "Mozilla/5.0 (Macintosh; Intel Mac OS X 10_12_1) AppleWebKit/537.36 (KHTML, like Gecko) Chrome/55.0.2883.95 Safari/537.36"
::1 - centling [14/Feb/2017:06:18:14 +0000] "POST /signin/ HTTP/1.1" 200 56 "-" "Mozilla/5.0 (Macintosh; Intel Mac OS X 10_12_1) AppleWebKit/537.36 (KHTML, like Gecko) Chrome/55.0.2883.95 Safari/537.36"
::1 - centling [14/Feb/2017:06:18:19 +0000] "POST /signin/ HTTP/1.1" 200 56 "-" "Mozilla/5.0 (Macintosh; Intel Mac OS X 10_12_1) AppleWebKit/537.36 (KHTML, like Gecko) Chrome/55.0.2883.95 Safari/537.36"
::1 - centling [14/Feb/2017:06:18:19 +0000] "POST /signin/ HTTP/1.1" 200 56 "-" "Mozilla/5.0 (Macintosh; Intel Mac OS X 10_12_1) AppleWebKit/537.36 (KHTML, like Gecko) Chrome/55.0.2883.95 Safari/537.36"
::1 - centling [14/Feb/2017:06:21:09 +0000] "POST /signin/ HTTP/1.1" - - "-" "Mozilla/5.0 (Macintosh; Intel Mac OS X 10_12_1) AppleWebKit/537.36 (KHTML, like Gecko) Chrome/55.0.2883.95 Safari/537.36"
::1 - centling [14/Feb/2017:06:31:08 +0000] "POST /signin/ HTTP/1.1" 200 301 "-" "Mozilla/5.0 (Macintosh; Intel Mac OS X 10_12_1) AppleWebKit/537.36 (KHTML, like Gecko) Chrome/55.0.2883.95 Safari/537.36"
::1 - centling [14/Feb/2017:06:32:43 +0000] "POST /signin/ HTTP/1.1" 200 42 "-" "Mozilla/5.0 (Macintosh; Intel Mac OS X 10_12_1) AppleWebKit/537.36 (KHTML, like Gecko) Chrome/55.0.2883.95 Safari/537.36"
::1 - centling [14/Feb/2017:06:33:32 +0000] "POST /signin/ HTTP/1.1" 200 301 "-" "Mozilla/5.0 (Macintosh; Intel Mac OS X 10_12_1) AppleWebKit/537.36 (KHTML, like Gecko) Chrome/55.0.2883.95 Safari/537.36"
::1 - centling [14/Feb/2017:06:34:16 +0000] "POST /signin/ HTTP/1.1" 200 38 "-" "Mozilla/5.0 (Macintosh; Intel Mac OS X 10_12_1) AppleWebKit/537.36 (KHTML, like Gecko) Chrome/55.0.2883.95 Safari/537.36"
::1 - centling [14/Feb/2017:06:35:39 +0000] "POST /signin/ HTTP/1.1" 200 38 "-" "Mozilla/5.0 (Macintosh; Intel Mac OS X 10_12_1) AppleWebKit/537.36 (KHTML, like Gecko) Chrome/55.0.2883.95 Safari/537.36"
::1 - centling [14/Feb/2017:06:42:08 +0000] "POST /signin/ HTTP/1.1" 200 38 "-" "Mozilla/5.0 (Macintosh; Intel Mac OS X 10_12_1) AppleWebKit/537.36 (KHTML, like Gecko) Chrome/55.0.2883.95 Safari/537.36"
::1 - centling [14/Feb/2017:06:42:12 +0000] "POST /signin/ HTTP/1.1" 200 56 "-" "Mozilla/5.0 (Macintosh; Intel Mac OS X 10_12_1) AppleWebKit/537.36 (KHTML, like Gecko) Chrome/55.0.2883.95 Safari/537.36"
::1 - centling [14/Feb/2017:06:42:13 +0000] "POST /signin/ HTTP/1.1" 200 64 "-" "Mozilla/5.0 (Macintosh; Intel Mac OS X 10_12_1) AppleWebKit/537.36 (KHTML, like Gecko) Chrome/55.0.2883.95 Safari/537.36"
::1 - centling [14/Feb/2017:06:42:45 +0000] "POST /signin/ HTTP/1.1" 200 64 "-" "Mozilla/5.0 (Macintosh; Intel Mac OS X 10_12_1) AppleWebKit/537.36 (KHTML, like Gecko) Chrome/55.0.2883.95 Safari/537.36"
::1 - centling [14/Feb/2017:06:43:47 +0000] "POST /signin/ HTTP/1.1" 200 64 "-" "Mozilla/5.0 (Macintosh; Intel Mac OS X 10_12_1) AppleWebKit/537.36 (KHTML, like Gecko) Chrome/55.0.2883.95 Safari/537.36"
::1 - centling [14/Feb/2017:06:43:49 +0000] "POST /signin/ HTTP/1.1" 200 64 "-" "Mozilla/5.0 (Macintosh; Intel Mac OS X 10_12_1) AppleWebKit/537.36 (KHTML, like Gecko) Chrome/55.0.2883.95 Safari/537.36"
::1 - centling [14/Feb/2017:06:43:50 +0000] "POST /signin/ HTTP/1.1" 200 64 "-" "Mozilla/5.0 (Macintosh; Intel Mac OS X 10_12_1) AppleWebKit/537.36 (KHTML, like Gecko) Chrome/55.0.2883.95 Safari/537.36"
::1 - centling [14/Feb/2017:06:43:51 +0000] "POST /signin/ HTTP/1.1" 200 64 "-" "Mozilla/5.0 (Macintosh; Intel Mac OS X 10_12_1) AppleWebKit/537.36 (KHTML, like Gecko) Chrome/55.0.2883.95 Safari/537.36"
::1 - centling [14/Feb/2017:06:43:51 +0000] "POST /signin/ HTTP/1.1" 200 64 "-" "Mozilla/5.0 (Macintosh; Intel Mac OS X 10_12_1) AppleWebKit/537.36 (KHTML, like Gecko) Chrome/55.0.2883.95 Safari/537.36"
::1 - centling [14/Feb/2017:06:43:51 +0000] "POST /signin/ HTTP/1.1" 200 64 "-" "Mozilla/5.0 (Macintosh; Intel Mac OS X 10_12_1) AppleWebKit/537.36 (KHTML, like Gecko) Chrome/55.0.2883.95 Safari/537.36"
::1 - centling [14/Feb/2017:06:43:51 +0000] "POST /signin/ HTTP/1.1" 200 64 "-" "Mozilla/5.0 (Macintosh; Intel Mac OS X 10_12_1) AppleWebKit/537.36 (KHTML, like Gecko) Chrome/55.0.2883.95 Safari/537.36"
::1 - centling [14/Feb/2017:06:43:51 +0000] "POST /signin/ HTTP/1.1" 200 64 "-" "Mozilla/5.0 (Macintosh; Intel Mac OS X 10_12_1) AppleWebKit/537.36 (KHTML, like Gecko) Chrome/55.0.2883.95 Safari/537.36"
::1 - centling [14/Feb/2017:06:43:51 +0000] "POST /signin/ HTTP/1.1" 200 64 "-" "Mozilla/5.0 (Macintosh; Intel Mac OS X 10_12_1) AppleWebKit/537.36 (KHTML, like Gecko) Chrome/55.0.2883.95 Safari/537.36"
::1 - centling [14/Feb/2017:06:43:52 +0000] "POST /signin/ HTTP/1.1" 200 64 "-" "Mozilla/5.0 (Macintosh; Intel Mac OS X 10_12_1) AppleWebKit/537.36 (KHTML, like Gecko) Chrome/55.0.2883.95 Safari/537.36"
::1 - centling [14/Feb/2017:06:43:52 +0000] "POST /signin/ HTTP/1.1" 200 64 "-" "Mozilla/5.0 (Macintosh; Intel Mac OS X 10_12_1) AppleWebKit/537.36 (KHTML, like Gecko) Chrome/55.0.2883.95 Safari/537.36"
::1 - centling [14/Feb/2017:06:43:52 +0000] "POST /signin/ HTTP/1.1" 200 64 "-" "Mozilla/5.0 (Macintosh; Intel Mac OS X 10_12_1) AppleWebKit/537.36 (KHTML, like Gecko) Chrome/55.0.2883.95 Safari/537.36"
::1 - centling [14/Feb/2017:06:43:52 +0000] "POST /signin/ HTTP/1.1" 200 64 "-" "Mozilla/5.0 (Macintosh; Intel Mac OS X 10_12_1) AppleWebKit/537.36 (KHTML, like Gecko) Chrome/55.0.2883.95 Safari/537.36"
::1 - centling [14/Feb/2017:06:43:52 +0000] "POST /signin/ HTTP/1.1" 200 64 "-" "Mozilla/5.0 (Macintosh; Intel Mac OS X 10_12_1) AppleWebKit/537.36 (KHTML, like Gecko) Chrome/55.0.2883.95 Safari/537.36"
::1 - centling [14/Feb/2017:06:43:53 +0000] "POST /signin/ HTTP/1.1" 200 64 "-" "Mozilla/5.0 (Macintosh; Intel Mac OS X 10_12_1) AppleWebKit/537.36 (KHTML, like Gecko) Chrome/55.0.2883.95 Safari/537.36"
::1 - centling [14/Feb/2017:06:43:53 +0000] "POST /signin/ HTTP/1.1" 200 64 "-" "Mozilla/5.0 (Macintosh; Intel Mac OS X 10_12_1) AppleWebKit/537.36 (KHTML, like Gecko) Chrome/55.0.2883.95 Safari/537.36"
::1 - centling [14/Feb/2017:06:43:53 +0000] "POST /signin/ HTTP/1.1" 200 64 "-" "Mozilla/5.0 (Macintosh; Intel Mac OS X 10_12_1) AppleWebKit/537.36 (KHTML, like Gecko) Chrome/55.0.2883.95 Safari/537.36"
::1 - centling [14/Feb/2017:06:43:57 +0000] "POST /signin/ HTTP/1.1" 200 56 "-" "Mozilla/5.0 (Macintosh; Intel Mac OS X 10_12_1) AppleWebKit/537.36 (KHTML, like Gecko) Chrome/55.0.2883.95 Safari/537.36"
::1 - centling [14/Feb/2017:06:43:58 +0000] "POST /signin/ HTTP/1.1" 200 64 "-" "Mozilla/5.0 (Macintosh; Intel Mac OS X 10_12_1) AppleWebKit/537.36 (KHTML, like Gecko) Chrome/55.0.2883.95 Safari/537.36"
::1 - centling [14/Feb/2017:06:43:59 +0000] "POST /signin/ HTTP/1.1" 200 64 "-" "Mozilla/5.0 (Macintosh; Intel Mac OS X 10_12_1) AppleWebKit/537.36 (KHTML, like Gecko) Chrome/55.0.2883.95 Safari/537.36"
::1 - centling [14/Feb/2017:06:44:00 +0000] "POST /signin/ HTTP/1.1" 200 64 "-" "Mozilla/5.0 (Macintosh; Intel Mac OS X 10_12_1) AppleWebKit/537.36 (KHTML, like Gecko) Chrome/55.0.2883.95 Safari/537.36"
::1 - centling [14/Feb/2017:06:44:00 +0000] "POST /signin/ HTTP/1.1" 200 64 "-" "Mozilla/5.0 (Macintosh; Intel Mac OS X 10_12_1) AppleWebKit/537.36 (KHTML, like Gecko) Chrome/55.0.2883.95 Safari/537.36"
::1 - centling [14/Feb/2017:06:44:00 +0000] "POST /signin/ HTTP/1.1" 200 64 "-" "Mozilla/5.0 (Macintosh; Intel Mac OS X 10_12_1) AppleWebKit/537.36 (KHTML, like Gecko) Chrome/55.0.2883.95 Safari/537.36"
::1 - - [14/Feb/2017:08:00:50 +0000] "POST /user/signin HTTP/1.1" - - "-" "Mozilla/5.0 (Macintosh; Intel Mac OS X 10_12_1) AppleWebKit/537.36 (KHTML, like Gecko) Chrome/55.0.2883.95 Safari/537.36"
::1 - - [14/Feb/2017:08:00:52 +0000] "POST /user/signup HTTP/1.1" 500 1924 "-" "Mozilla/5.0 (Macintosh; Intel Mac OS X 10_12_1) AppleWebKit/537.36 (KHTML, like Gecko) Chrome/55.0.2883.95 Safari/537.36"
::1 - - [14/Feb/2017:08:02:23 +0000] "POST /user/signup HTTP/1.1" 200 33 "-" "Mozilla/5.0 (Macintosh; Intel Mac OS X 10_12_1) AppleWebKit/537.36 (KHTML, like Gecko) Chrome/55.0.2883.95 Safari/537.36"
::1 - - [14/Feb/2017:08:06:54 +0000] "POST /user/signin HTTP/1.1" 200 230 "-" "Mozilla/5.0 (Macintosh; Intel Mac OS X 10_12_1) AppleWebKit/537.36 (KHTML, like Gecko) Chrome/55.0.2883.95 Safari/537.36"
::1 - - [14/Feb/2017:08:07:03 +0000] "POST /user/signin HTTP/1.1" 200 36 "-" "Mozilla/5.0 (Macintosh; Intel Mac OS X 10_12_1) AppleWebKit/537.36 (KHTML, like Gecko) Chrome/55.0.2883.95 Safari/537.36"
::1 - - [14/Feb/2017:08:07:07 +0000] "POST /user/signin HTTP/1.1" 200 36 "-" "Mozilla/5.0 (Macintosh; Intel Mac OS X 10_12_1) AppleWebKit/537.36 (KHTML, like Gecko) Chrome/55.0.2883.95 Safari/537.36"
::1 - - [14/Feb/2017:08:07:08 +0000] "POST /user/signin HTTP/1.1" 200 36 "-" "Mozilla/5.0 (Macintosh; Intel Mac OS X 10_12_1) AppleWebKit/537.36 (KHTML, like Gecko) Chrome/55.0.2883.95 Safari/537.36"
::1 - - [14/Feb/2017:08:07:13 +0000] "POST /user/signin HTTP/1.1" 200 230 "-" "Mozilla/5.0 (Macintosh; Intel Mac OS X 10_12_1) AppleWebKit/537.36 (KHTML, like Gecko) Chrome/55.0.2883.95 Safari/537.36"
::1 - - [14/Feb/2017:08:07:27 +0000] "POST /user/signin HTTP/1.1" 200 35 "-" "Mozilla/5.0 (Macintosh; Intel Mac OS X 10_12_1) AppleWebKit/537.36 (KHTML, like Gecko) Chrome/55.0.2883.95 Safari/537.36"
::1 - - [15/Feb/2017:01:48:08 +0000] "POST /user/signin HTTP/1.1" 200 36 "-" "Mozilla/5.0 (Macintosh; Intel Mac OS X 10_12_1) AppleWebKit/537.36 (KHTML, like Gecko) Chrome/55.0.2883.95 Safari/537.36"
::1 - - [15/Feb/2017:01:48:14 +0000] "POST /user/signin HTTP/1.1" 200 225 "-" "Mozilla/5.0 (Macintosh; Intel Mac OS X 10_12_1) AppleWebKit/537.36 (KHTML, like Gecko) Chrome/55.0.2883.95 Safari/537.36"
::1 - - [15/Feb/2017:01:49:55 +0000] "POST / HTTP/1.1" - - "-" "Mozilla/5.0 (Macintosh; Intel Mac OS X 10_12_1) AppleWebKit/537.36 (KHTML, like Gecko) Chrome/55.0.2883.95 Safari/537.36"
::1 - - [15/Feb/2017:01:49:57 +0000] "POST /post/create HTTP/1.1" 200 235 "-" "Mozilla/5.0 (Macintosh; Intel Mac OS X 10_12_1) AppleWebKit/537.36 (KHTML, like Gecko) Chrome/55.0.2883.95 Safari/537.36"
::1 - - [15/Feb/2017:01:52:12 +0000] "POST /post/create HTTP/1.1" 200 284 "-" "Mozilla/5.0 (Macintosh; Intel Mac OS X 10_12_1) AppleWebKit/537.36 (KHTML, like Gecko) Chrome/55.0.2883.95 Safari/537.36"
::1 - - [15/Feb/2017:01:53:56 +0000] "POST /post/create HTTP/1.1" 200 11 "-" "Mozilla/5.0 (Macintosh; Intel Mac OS X 10_12_1) AppleWebKit/537.36 (KHTML, like Gecko) Chrome/55.0.2883.95 Safari/537.36"
::1 - - [15/Feb/2017:01:54:13 +0000] "POST /post/create HTTP/1.1" 200 284 "-" "Mozilla/5.0 (Macintosh; Intel Mac OS X 10_12_1) AppleWebKit/537.36 (KHTML, like Gecko) Chrome/55.0.2883.95 Safari/537.36"
::1 - - [15/Feb/2017:02:01:45 +0000] "POST /post/create HTTP/1.1" 200 56 "-" "Mozilla/5.0 (Macintosh; Intel Mac OS X 10_12_1) AppleWebKit/537.36 (KHTML, like Gecko) Chrome/55.0.2883.95 Safari/537.36"
::1 - - [15/Feb/2017:02:12:11 +0000] "POST /post/create HTTP/1.1" 200 290 "-" "Mozilla/5.0 (Macintosh; Intel Mac OS X 10_12_1) AppleWebKit/537.36 (KHTML, like Gecko) Chrome/55.0.2883.95 Safari/537.36"
::1 - - [15/Feb/2017:02:12:12 +0000] "POST /post/create HTTP/1.1" 200 290 "-" "Mozilla/5.0 (Macintosh; Intel Mac OS X 10_12_1) AppleWebKit/537.36 (KHTML, like Gecko) Chrome/55.0.2883.95 Safari/537.36"
::1 - - [15/Feb/2017:02:13:14 +0000] "GET /post/view/58a3b8fc677a8f73f1a1e720 HTTP/1.1" 200 290 "-" "Mozilla/5.0 (Macintosh; Intel Mac OS X 10_12_1) AppleWebKit/537.36 (KHTML, like Gecko) Chrome/55.0.2883.95 Safari/537.36"
::1 - - [15/Feb/2017:02:14:00 +0000] "GET /post/view/58a3b8fc677a8f73f1a1e720 HTTP/1.1" 200 290 "-" "Mozilla/5.0 (Macintosh; Intel Mac OS X 10_12_1) AppleWebKit/537.36 (KHTML, like Gecko) Chrome/55.0.2883.95 Safari/537.36"
::1 - - [15/Feb/2017:02:52:09 +0000] "POST /post/list HTTP/1.1" - - "-" "Mozilla/5.0 (Macintosh; Intel Mac OS X 10_12_1) AppleWebKit/537.36 (KHTML, like Gecko) Chrome/55.0.2883.95 Safari/537.36"
::1 - - [15/Feb/2017:02:52:11 +0000] "GET /post/list?userId=58a2744624ff2365b33b2198 HTTP/1.1" 200 49 "-" "Mozilla/5.0 (Macintosh; Intel Mac OS X 10_12_1) AppleWebKit/537.36 (KHTML, like Gecko) Chrome/55.0.2883.95 Safari/537.36"
::1 - - [15/Feb/2017:02:52:28 +0000] "GET /post/list?userId=58a2744624ff2365b33b2198 HTTP/1.1" 200 43 "-" "Mozilla/5.0 (Macintosh; Intel Mac OS X 10_12_1) AppleWebKit/537.36 (KHTML, like Gecko) Chrome/55.0.2883.95 Safari/537.36"
::1 - - [15/Feb/2017:02:52:39 +0000] "GET /post/list?userId=58a2744624ff2365b33b2198 HTTP/1.1" 200 43 "-" "Mozilla/5.0 (Macintosh; Intel Mac OS X 10_12_1) AppleWebKit/537.36 (KHTML, like Gecko) Chrome/55.0.2883.95 Safari/537.36"
::1 - - [15/Feb/2017:02:53:00 +0000] "GET /post/list?userId=58a2744624ff2365b33b2198 HTTP/1.1" 200 43 "-" "Mozilla/5.0 (Macintosh; Intel Mac OS X 10_12_1) AppleWebKit/537.36 (KHTML, like Gecko) Chrome/55.0.2883.95 Safari/537.36"
::1 - - [15/Feb/2017:02:54:21 +0000] "GET /post/list?userId=58a2744624ff2365b33b2198 HTTP/1.1" 200 43 "-" "Mozilla/5.0 (Macintosh; Intel Mac OS X 10_12_1) AppleWebKit/537.36 (KHTML, like Gecko) Chrome/55.0.2883.95 Safari/537.36"
::1 - - [15/Feb/2017:02:55:25 +0000] "GET /post/list?userId=58a2744624ff2365b33b2198 HTTP/1.1" 200 43 "-" "Mozilla/5.0 (Macintosh; Intel Mac OS X 10_12_1) AppleWebKit/537.36 (KHTML, like Gecko) Chrome/55.0.2883.95 Safari/537.36"
::1 - - [15/Feb/2017:02:56:31 +0000] "GET /post/list?userId=58a2744624ff2365b33b2198 HTTP/1.1" 200 43 "-" "Mozilla/5.0 (Macintosh; Intel Mac OS X 10_12_1) AppleWebKit/537.36 (KHTML, like Gecko) Chrome/55.0.2883.95 Safari/537.36"
::1 - - [15/Feb/2017:02:56:32 +0000] "GET /post/list?userId=58a2744624ff2365b33b2198 HTTP/1.1" 200 43 "-" "Mozilla/5.0 (Macintosh; Intel Mac OS X 10_12_1) AppleWebKit/537.36 (KHTML, like Gecko) Chrome/55.0.2883.95 Safari/537.36"
::1 - - [15/Feb/2017:02:56:33 +0000] "GET /post/list?userId=58a2744624ff2365b33b2198 HTTP/1.1" 200 43 "-" "Mozilla/5.0 (Macintosh; Intel Mac OS X 10_12_1) AppleWebKit/537.36 (KHTML, like Gecko) Chrome/55.0.2883.95 Safari/537.36"
::1 - - [15/Feb/2017:02:56:33 +0000] "GET /post/list?userId=58a2744624ff2365b33b2198 HTTP/1.1" 200 43 "-" "Mozilla/5.0 (Macintosh; Intel Mac OS X 10_12_1) AppleWebKit/537.36 (KHTML, like Gecko) Chrome/55.0.2883.95 Safari/537.36"
::1 - - [15/Feb/2017:02:56:33 +0000] "GET /post/list?userId=58a2744624ff2365b33b2198 HTTP/1.1" 200 43 "-" "Mozilla/5.0 (Macintosh; Intel Mac OS X 10_12_1) AppleWebKit/537.36 (KHTML, like Gecko) Chrome/55.0.2883.95 Safari/537.36"
::1 - - [15/Feb/2017:02:56:33 +0000] "GET /post/list?userId=58a2744624ff2365b33b2198 HTTP/1.1" 200 43 "-" "Mozilla/5.0 (Macintosh; Intel Mac OS X 10_12_1) AppleWebKit/537.36 (KHTML, like Gecko) Chrome/55.0.2883.95 Safari/537.36"
::1 - - [15/Feb/2017:02:56:34 +0000] "GET /post/list?userId=58a2744624ff2365b33b2198 HTTP/1.1" 200 43 "-" "Mozilla/5.0 (Macintosh; Intel Mac OS X 10_12_1) AppleWebKit/537.36 (KHTML, like Gecko) Chrome/55.0.2883.95 Safari/537.36"
::1 - - [15/Feb/2017:02:56:43 +0000] "POST /user/signin HTTP/1.1" 200 225 "-" "Mozilla/5.0 (Macintosh; Intel Mac OS X 10_12_1) AppleWebKit/537.36 (KHTML, like Gecko) Chrome/55.0.2883.95 Safari/537.36"
::1 - - [15/Feb/2017:02:58:06 +0000] "GET /post/list?userId=58a2744624ff2365b33b2198 HTTP/1.1" 200 43 "-" "Mozilla/5.0 (Macintosh; Intel Mac OS X 10_12_1) AppleWebKit/537.36 (KHTML, like Gecko) Chrome/55.0.2883.95 Safari/537.36"
::1 - - [15/Feb/2017:02:58:16 +0000] "GET /post/list?userId=58a2744624ff2365b33b2198 HTTP/1.1" 200 737 "-" "Mozilla/5.0 (Macintosh; Intel Mac OS X 10_12_1) AppleWebKit/537.36 (KHTML, like Gecko) Chrome/55.0.2883.95 Safari/537.36"
::1 - - [15/Feb/2017:02:59:07 +0000] "GET /post/list?userId=58a2744624ff2365b33b2198 HTTP/1.1" 200 43 "-" "Mozilla/5.0 (Macintosh; Intel Mac OS X 10_12_1) AppleWebKit/537.36 (KHTML, like Gecko) Chrome/55.0.2883.95 Safari/537.36"
::1 - - [15/Feb/2017:02:59:19 +0000] "GET /post/list?userId=58a2744624ff2365b33b2198 HTTP/1.1" 200 43 "-" "Mozilla/5.0 (Macintosh; Intel Mac OS X 10_12_1) AppleWebKit/537.36 (KHTML, like Gecko) Chrome/55.0.2883.95 Safari/537.36"
::1 - - [15/Feb/2017:02:59:33 +0000] "GET /post/list?userId=58a2744624ff2365b33b2198 HTTP/1.1" 200 43 "-" "Mozilla/5.0 (Macintosh; Intel Mac OS X 10_12_1) AppleWebKit/537.36 (KHTML, like Gecko) Chrome/55.0.2883.95 Safari/537.36"
::1 - - [15/Feb/2017:02:59:47 +0000] "GET /post/list?userId=58a2744624ff2365b33b2198 HTTP/1.1" 200 737 "-" "Mozilla/5.0 (Macintosh; Intel Mac OS X 10_12_1) AppleWebKit/537.36 (KHTML, like Gecko) Chrome/55.0.2883.95 Safari/537.36"
::1 - - [15/Feb/2017:03:00:30 +0000] "GET /post/list?userId=58a2744624ff2365b33b2198 HTTP/1.1" 200 737 "-" "Mozilla/5.0 (Macintosh; Intel Mac OS X 10_12_1) AppleWebKit/537.36 (KHTML, like Gecko) Chrome/55.0.2883.95 Safari/537.36"
::1 - - [15/Feb/2017:03:00:40 +0000] "GET /post/list?userId=58a2744624ff2365b33b2198 HTTP/1.1" 200 737 "-" "Mozilla/5.0 (Macintosh; Intel Mac OS X 10_12_1) AppleWebKit/537.36 (KHTML, like Gecko) Chrome/55.0.2883.95 Safari/537.36"
::1 - - [15/Feb/2017:03:02:43 +0000] "GET /post/list?userId=58a2744624ff2365b33b2198 HTTP/1.1" 200 737 "-" "Mozilla/5.0 (Macintosh; Intel Mac OS X 10_12_1) AppleWebKit/537.36 (KHTML, like Gecko) Chrome/55.0.2883.95 Safari/537.36"
::1 - - [15/Feb/2017:03:10:12 +0000] "GET /post/list?userId=58a2744624ff2365b33b2198 HTTP/1.1" 200 737 "-" "Mozilla/5.0 (Macintosh; Intel Mac OS X 10_12_1) AppleWebKit/537.36 (KHTML, like Gecko) Chrome/55.0.2883.95 Safari/537.36"
::1 - - [15/Feb/2017:03:11:13 +0000] "GET /post/list?userId=58a2744624ff2365b33b2198&keyword=post HTTP/1.1" 200 737 "-" "Mozilla/5.0 (Macintosh; Intel Mac OS X 10_12_1) AppleWebKit/537.36 (KHTML, like Gecko) Chrome/55.0.2883.95 Safari/537.36"
::1 - - [15/Feb/2017:03:11:15 +0000] "GET /post/list?userId=58a2744624ff2365b33b2198&keyword=post HTTP/1.1" 200 737 "-" "Mozilla/5.0 (Macintosh; Intel Mac OS X 10_12_1) AppleWebKit/537.36 (KHTML, like Gecko) Chrome/55.0.2883.95 Safari/537.36"
::1 - - [15/Feb/2017:03:11:18 +0000] "GET /post/list?userId=58a2744624ff2365b33b2198&keyword=po HTTP/1.1" 200 737 "-" "Mozilla/5.0 (Macintosh; Intel Mac OS X 10_12_1) AppleWebKit/537.36 (KHTML, like Gecko) Chrome/55.0.2883.95 Safari/537.36"
::1 - - [15/Feb/2017:03:11:22 +0000] "GET /post/list?userId=58a2744624ff2365b33b2198&keyword=ot HTTP/1.1" 200 43 "-" "Mozilla/5.0 (Macintosh; Intel Mac OS X 10_12_1) AppleWebKit/537.36 (KHTML, like Gecko) Chrome/55.0.2883.95 Safari/537.36"
::1 - - [15/Feb/2017:03:11:23 +0000] "GET /post/list?userId=58a2744624ff2365b33b2198&keyword=ot HTTP/1.1" 200 43 "-" "Mozilla/5.0 (Macintosh; Intel Mac OS X 10_12_1) AppleWebKit/537.36 (KHTML, like Gecko) Chrome/55.0.2883.95 Safari/537.36"
::1 - - [15/Feb/2017:03:11:26 +0000] "GET /post/list?userId=58a2744624ff2365b33b2198&keyword=ost HTTP/1.1" 200 737 "-" "Mozilla/5.0 (Macintosh; Intel Mac OS X 10_12_1) AppleWebKit/537.36 (KHTML, like Gecko) Chrome/55.0.2883.95 Safari/537.36"
::1 - - [15/Feb/2017:03:20:14 +0000] "POST /post/eidt/58a3b8fc677a8f73f1a1e720 HTTP/1.1" 200 290 "-" "Mozilla/5.0 (Macintosh; Intel Mac OS X 10_12_1) AppleWebKit/537.36 (KHTML, like Gecko) Chrome/55.0.2883.95 Safari/537.36"
::1 - - [15/Feb/2017:03:20:27 +0000] "POST /post/eidt/58a3b8fc677a8f73f1a1e720 HTTP/1.1" 200 290 "-" "Mozilla/5.0 (Macintosh; Intel Mac OS X 10_12_1) AppleWebKit/537.36 (KHTML, like Gecko) Chrome/55.0.2883.95 Safari/537.36"
::1 - - [15/Feb/2017:03:20:35 +0000] "POST /post/eidt/58a3b8fc677a8f73f1a1e720 HTTP/1.1" 200 297 "-" "Mozilla/5.0 (Macintosh; Intel Mac OS X 10_12_1) AppleWebKit/537.36 (KHTML, like Gecko) Chrome/55.0.2883.95 Safari/537.36"
::1 - - [15/Feb/2017:03:20:38 +0000] "POST /post/eidt/58a3b8fc677a8f73f1a1e720 HTTP/1.1" 200 297 "-" "Mozilla/5.0 (Macintosh; Intel Mac OS X 10_12_1) AppleWebKit/537.36 (KHTML, like Gecko) Chrome/55.0.2883.95 Safari/537.36"
::1 - - [15/Feb/2017:03:20:44 +0000] "POST /post/eidt/58a3b8fc677a8f73f1a1e720 HTTP/1.1" 200 297 "-" "Mozilla/5.0 (Macintosh; Intel Mac OS X 10_12_1) AppleWebKit/537.36 (KHTML, like Gecko) Chrome/55.0.2883.95 Safari/537.36"
::1 - - [15/Feb/2017:03:20:45 +0000] "POST /post/eidt/58a3b8fc677a8f73f1a1e720 HTTP/1.1" 200 298 "-" "Mozilla/5.0 (Macintosh; Intel Mac OS X 10_12_1) AppleWebKit/537.36 (KHTML, like Gecko) Chrome/55.0.2883.95 Safari/537.36"
::1 - - [15/Feb/2017:03:21:03 +0000] "POST /post/eidt/58a3b8fc677a8f73f1a1e720 HTTP/1.1" 200 298 "-" "Mozilla/5.0 (Macintosh; Intel Mac OS X 10_12_1) AppleWebKit/537.36 (KHTML, like Gecko) Chrome/55.0.2883.95 Safari/537.36"
::1 - - [15/Feb/2017:03:21:13 +0000] "GET /post/list?userId=58a2744624ff2365b33b2198 HTTP/1.1" 200 745 "-" "Mozilla/5.0 (Macintosh; Intel Mac OS X 10_12_1) AppleWebKit/537.36 (KHTML, like Gecko) Chrome/55.0.2883.95 Safari/537.36"
::1 - - [15/Feb/2017:03:21:50 +0000] "POST /post/eidt/58a3b8fc677a8f73f1a1e72 HTTP/1.1" 200 127 "-" "Mozilla/5.0 (Macintosh; Intel Mac OS X 10_12_1) AppleWebKit/537.36 (KHTML, like Gecko) Chrome/55.0.2883.95 Safari/537.36"
::1 - - [15/Feb/2017:03:21:58 +0000] "POST /post/eidt/58a3b8fc677a8f73f1a1e720 HTTP/1.1" 200 298 "-" "Mozilla/5.0 (Macintosh; Intel Mac OS X 10_12_1) AppleWebKit/537.36 (KHTML, like Gecko) Chrome/55.0.2883.95 Safari/537.36"
::1 - - [15/Feb/2017:03:22:49 +0000] "POST /post/eidt/58a3b8fc677a8f73f1a1e720 HTTP/1.1" 200 298 "-" "Mozilla/5.0 (Macintosh; Intel Mac OS X 10_12_1) AppleWebKit/537.36 (KHTML, like Gecko) Chrome/55.0.2883.95 Safari/537.36"
::1 - - [15/Feb/2017:03:22:56 +0000] "POST /post/eidt/58a3b8fc677a8f73f1a1e720 HTTP/1.1" 200 298 "-" "Mozilla/5.0 (Macintosh; Intel Mac OS X 10_12_1) AppleWebKit/537.36 (KHTML, like Gecko) Chrome/55.0.2883.95 Safari/537.36"
::1 - - [15/Feb/2017:03:24:31 +0000] "POST /post/eidt/58a3b8fc677a8f73f1a1e720 HTTP/1.1" 200 298 "-" "Mozilla/5.0 (Macintosh; Intel Mac OS X 10_12_1) AppleWebKit/537.36 (KHTML, like Gecko) Chrome/55.0.2883.95 Safari/537.36"
::1 - - [15/Feb/2017:03:24:35 +0000] "POST /post/eidt/58a3b8fc677a8f73f1a1e720 HTTP/1.1" 200 298 "-" "Mozilla/5.0 (Macintosh; Intel Mac OS X 10_12_1) AppleWebKit/537.36 (KHTML, like Gecko) Chrome/55.0.2883.95 Safari/537.36"
::1 - - [15/Feb/2017:03:29:44 +0000] "POST /post/delete/58a3b8fc677a8f73f1a1e720 HTTP/1.1" 200 298 "-" "Mozilla/5.0 (Macintosh; Intel Mac OS X 10_12_1) AppleWebKit/537.36 (KHTML, like Gecko) Chrome/55.0.2883.95 Safari/537.36"
::1 - - [15/Feb/2017:03:29:51 +0000] "POST /post/delete/58a3b8fc677a8f73f1a1e720 HTTP/1.1" 200 45 "-" "Mozilla/5.0 (Macintosh; Intel Mac OS X 10_12_1) AppleWebKit/537.36 (KHTML, like Gecko) Chrome/55.0.2883.95 Safari/537.36"
::1 - - [15/Feb/2017:03:29:53 +0000] "POST /post/delete/58a3b8fc677a8f73f1a1e720 HTTP/1.1" 200 45 "-" "Mozilla/5.0 (Macintosh; Intel Mac OS X 10_12_1) AppleWebKit/537.36 (KHTML, like Gecko) Chrome/55.0.2883.95 Safari/537.36"
::1 - - [15/Feb/2017:03:29:53 +0000] "POST /post/delete/58a3b8fc677a8f73f1a1e720 HTTP/1.1" 200 45 "-" "Mozilla/5.0 (Macintosh; Intel Mac OS X 10_12_1) AppleWebKit/537.36 (KHTML, like Gecko) Chrome/55.0.2883.95 Safari/537.36"
::1 - - [15/Feb/2017:03:29:54 +0000] "POST /post/delete/58a3b8fc677a8f73f1a1e720 HTTP/1.1" 200 45 "-" "Mozilla/5.0 (Macintosh; Intel Mac OS X 10_12_1) AppleWebKit/537.36 (KHTML, like Gecko) Chrome/55.0.2883.95 Safari/537.36"
::1 - - [15/Feb/2017:03:29:54 +0000] "POST /post/delete/58a3b8fc677a8f73f1a1e720 HTTP/1.1" 200 45 "-" "Mozilla/5.0 (Macintosh; Intel Mac OS X 10_12_1) AppleWebKit/537.36 (KHTML, like Gecko) Chrome/55.0.2883.95 Safari/537.36"
::1 - - [15/Feb/2017:03:32:06 +0000] "POST /post/delete/58a3b8fc677a8f73f1a1e720 HTTP/1.1" 200 31 "-" "Mozilla/5.0 (Macintosh; Intel Mac OS X 10_12_1) AppleWebKit/537.36 (KHTML, like Gecko) Chrome/55.0.2883.95 Safari/537.36"
::1 - - [15/Feb/2017:03:34:01 +0000] "POST /post/delete/58a3b8fc677a8f73f1a1e720 HTTP/1.1" 200 65 "-" "Mozilla/5.0 (Macintosh; Intel Mac OS X 10_12_1) AppleWebKit/537.36 (KHTML, like Gecko) Chrome/55.0.2883.95 Safari/537.36"
::1 - - [15/Feb/2017:03:35:20 +0000] "POST /post/delete/58a3b8fc677a8f73f1a1e720 HTTP/1.1" 200 65 "-" "Mozilla/5.0 (Macintosh; Intel Mac OS X 10_12_1) AppleWebKit/537.36 (KHTML, like Gecko) Chrome/55.0.2883.95 Safari/537.36"
::1 - - [15/Feb/2017:03:35:21 +0000] "POST /post/delete/58a3b8fc677a8f73f1a1e720 HTTP/1.1" 200 65 "-" "Mozilla/5.0 (Macintosh; Intel Mac OS X 10_12_1) AppleWebKit/537.36 (KHTML, like Gecko) Chrome/55.0.2883.95 Safari/537.36"
::1 - - [15/Feb/2017:03:35:41 +0000] "POST /post/delete/58a3b8fc677a8f73f1a1e720 HTTP/1.1" 200 31 "-" "Mozilla/5.0 (Macintosh; Intel Mac OS X 10_12_1) AppleWebKit/537.36 (KHTML, like Gecko) Chrome/55.0.2883.95 Safari/537.36"
::1 - - [15/Feb/2017:03:35:41 +0000] "POST /post/delete/58a3b8fc677a8f73f1a1e720 HTTP/1.1" 200 31 "-" "Mozilla/5.0 (Macintosh; Intel Mac OS X 10_12_1) AppleWebKit/537.36 (KHTML, like Gecko) Chrome/55.0.2883.95 Safari/537.36"
::1 - - [15/Feb/2017:03:36:13 +0000] "POST /post/eidt/58a3b8fb677a8f73f1a1e71f HTTP/1.1" 200 67 "-" "Mozilla/5.0 (Macintosh; Intel Mac OS X 10_12_1) AppleWebKit/537.36 (KHTML, like Gecko) Chrome/55.0.2883.95 Safari/537.36"
::1 - - [15/Feb/2017:03:36:15 +0000] "POST /post/eidt/58a3b8fb677a8f73f1a1e71f HTTP/1.1" 200 67 "-" "Mozilla/5.0 (Macintosh; Intel Mac OS X 10_12_1) AppleWebKit/537.36 (KHTML, like Gecko) Chrome/55.0.2883.95 Safari/537.36"
::1 - - [15/Feb/2017:05:46:22 +0000] "GET /post/list?userId=58a2744624ff2365b33b2198&index=0&limit=2 HTTP/1.1" 200 196 "-" "Mozilla/5.0 (Macintosh; Intel Mac OS X 10_12_1) AppleWebKit/537.36 (KHTML, like Gecko) Chrome/55.0.2883.95 Safari/537.36"
::1 - - [15/Feb/2017:05:47:54 +0000] "GET /post/list?userId=58a2744624ff2365b33b2198&index=0&limit=2 HTTP/1.1" 200 495 "-" "Mozilla/5.0 (Macintosh; Intel Mac OS X 10_12_1) AppleWebKit/537.36 (KHTML, like Gecko) Chrome/55.0.2883.95 Safari/537.36"
::1 - - [15/Feb/2017:05:47:54 +0000] "GET /post/list?userId=58a2744624ff2365b33b2198&index=0&limit=2 HTTP/1.1" 200 495 "-" "Mozilla/5.0 (Macintosh; Intel Mac OS X 10_12_1) AppleWebKit/537.36 (KHTML, like Gecko) Chrome/55.0.2883.95 Safari/537.36"
::1 - - [15/Feb/2017:07:01:24 +0000] "GET /post/list?userId=58a2744624ff2365b33b2198&index=0&limit=2 HTTP/1.1" 200 527 "-" "Mozilla/5.0 (Macintosh; Intel Mac OS X 10_12_1) AppleWebKit/537.36 (KHTML, like Gecko) Chrome/55.0.2883.95 Safari/537.36"
::1 - - [15/Feb/2017:07:14:47 +0000] "POST /comment/create HTTP/1.1" 200 281 "-" "Mozilla/5.0 (Macintosh; Intel Mac OS X 10_12_1) AppleWebKit/537.36 (KHTML, like Gecko) Chrome/55.0.2883.95 Safari/537.36"
::1 - - [15/Feb/2017:07:14:54 +0000] "POST /comment/create HTTP/1.1" 200 282 "-" "Mozilla/5.0 (Macintosh; Intel Mac OS X 10_12_1) AppleWebKit/537.36 (KHTML, like Gecko) Chrome/55.0.2883.95 Safari/537.36"
::1 - - [15/Feb/2017:07:15:00 +0000] "POST /comment/create HTTP/1.1" 200 282 "-" "Mozilla/5.0 (Macintosh; Intel Mac OS X 10_12_1) AppleWebKit/537.36 (KHTML, like Gecko) Chrome/55.0.2883.95 Safari/537.36"
::1 - - [15/Feb/2017:07:16:59 +0000] "GET /comment/list/58a3b3c5711d1972d65de363?index=0&limit=5 HTTP/1.1" 200 767 "-" "Mozilla/5.0 (Macintosh; Intel Mac OS X 10_12_1) AppleWebKit/537.36 (KHTML, like Gecko) Chrome/55.0.2883.95 Safari/537.36"
::1 - - [15/Feb/2017:07:19:15 +0000] "GET /post/delete/58a3b8fc677a8f73f1a1e720 HTTP/1.1" 200 65 "-" "Mozilla/5.0 (Macintosh; Intel Mac OS X 10_12_1) AppleWebKit/537.36 (KHTML, like Gecko) Chrome/55.0.2883.95 Safari/537.36"
::1 - - [15/Feb/2017:07:19:17 +0000] "GET /post/delete/58a3b8fc677a8f73f1a1e720 HTTP/1.1" 200 65 "-" "Mozilla/5.0 (Macintosh; Intel Mac OS X 10_12_1) AppleWebKit/537.36 (KHTML, like Gecko) Chrome/55.0.2883.95 Safari/537.36"
::1 - - [15/Feb/2017:07:19:29 +0000] "GET /post/delete/58a3b8fc677a8f73f1a1e720 HTTP/1.1" 200 31 "-" "Mozilla/5.0 (Macintosh; Intel Mac OS X 10_12_1) AppleWebKit/537.36 (KHTML, like Gecko) Chrome/55.0.2883.95 Safari/537.36"
::1 - - [15/Feb/2017:07:19:53 +0000] "GET /post/list?userId=58a2744624ff2365b33b2198&index=0&limit=2 HTTP/1.1" 200 43 "-" "Mozilla/5.0 (Macintosh; Intel Mac OS X 10_12_1) AppleWebKit/537.36 (KHTML, like Gecko) Chrome/55.0.2883.95 Safari/537.36"
::1 - - [15/Feb/2017:07:20:07 +0000] "GET /post/list?userId=58a2744624ff2365b33b2198&index=0&limit=2 HTTP/1.1" 200 43 "-" "Mozilla/5.0 (Macintosh; Intel Mac OS X 10_12_1) AppleWebKit/537.36 (KHTML, like Gecko) Chrome/55.0.2883.95 Safari/537.36"
::1 - - [15/Feb/2017:07:20:28 +0000] "GET /post/list?userId=58a2744624ff2365b33b2198&index=0&limit=2 HTTP/1.1" 200 43 "-" "Mozilla/5.0 (Macintosh; Intel Mac OS X 10_12_1) AppleWebKit/537.36 (KHTML, like Gecko) Chrome/55.0.2883.95 Safari/537.36"
::1 - - [15/Feb/2017:07:20:30 +0000] "GET /post/list?userId=58a2744624ff2365b33b2198&index=0&limit=2 HTTP/1.1" 200 43 "-" "Mozilla/5.0 (Macintosh; Intel Mac OS X 10_12_1) AppleWebKit/537.36 (KHTML, like Gecko) Chrome/55.0.2883.95 Safari/537.36"
::1 - - [15/Feb/2017:07:20:39 +0000] "POST /user/signin HTTP/1.1" 200 225 "-" "Mozilla/5.0 (Macintosh; Intel Mac OS X 10_12_1) AppleWebKit/537.36 (KHTML, like Gecko) Chrome/55.0.2883.95 Safari/537.36"
::1 - - [15/Feb/2017:07:21:25 +0000] "GET /post/list?userId=58a2744624ff2365b33b2198&index=0&limit=2 HTTP/1.1" 200 43 "-" "Mozilla/5.0 (Macintosh; Intel Mac OS X 10_12_1) AppleWebKit/537.36 (KHTML, like Gecko) Chrome/55.0.2883.95 Safari/537.36"
::1 - - [15/Feb/2017:07:21:41 +0000] "GET /post/list?userId=58a2744624ff2365b33b2198&index=0&limit=2 HTTP/1.1" 200 43 "-" "Mozilla/5.0 (Macintosh; Intel Mac OS X 10_12_1) AppleWebKit/537.36 (KHTML, like Gecko) Chrome/55.0.2883.95 Safari/537.36"
::1 - - [15/Feb/2017:07:21:50 +0000] "GET /post/list?userId=58a2744624ff2365b33b2198&index=0&limit=2 HTTP/1.1" 200 527 "-" "Mozilla/5.0 (Macintosh; Intel Mac OS X 10_12_1) AppleWebKit/537.36 (KHTML, like Gecko) Chrome/55.0.2883.95 Safari/537.36"
::1 - - [15/Feb/2017:07:22:07 +0000] "GET /post/list?userId=58a2744624ff2365b33b2198&index=0&limit=2 HTTP/1.1" 200 43 "-" "Mozilla/5.0 (Macintosh; Intel Mac OS X 10_12_1) AppleWebKit/537.36 (KHTML, like Gecko) Chrome/55.0.2883.95 Safari/537.36"
::1 - - [15/Feb/2017:07:22:16 +0000] "GET /post/list?userId=58a2744624ff2365b33b2198&index=0&limit=2 HTTP/1.1" 200 43 "-" "Mozilla/5.0 (Macintosh; Intel Mac OS X 10_12_1) AppleWebKit/537.36 (KHTML, like Gecko) Chrome/55.0.2883.95 Safari/537.36"
::1 - - [15/Feb/2017:07:22:24 +0000] "GET /post/list?userId=58a2744624ff2365b33b2198&index=0&limit=2 HTTP/1.1" 200 527 "-" "Mozilla/5.0 (Macintosh; Intel Mac OS X 10_12_1) AppleWebKit/537.36 (KHTML, like Gecko) Chrome/55.0.2883.95 Safari/537.36"
::1 - - [15/Feb/2017:07:23:37 +0000] "GET /post/list?userId=58a2744624ff2365b33b2198&index=0&limit=2 HTTP/1.1" 200 43 "-" "Mozilla/5.0 (Macintosh; Intel Mac OS X 10_12_1) AppleWebKit/537.36 (KHTML, like Gecko) Chrome/55.0.2883.95 Safari/537.36"
::1 - - [15/Feb/2017:07:23:38 +0000] "GET /post/list?userId=58a2744624ff2365b33b2198&index=0&limit=2 HTTP/1.1" 200 43 "-" "Mozilla/5.0 (Macintosh; Intel Mac OS X 10_12_1) AppleWebKit/537.36 (KHTML, like Gecko) Chrome/55.0.2883.95 Safari/537.36"
::1 - - [15/Feb/2017:07:23:58 +0000] "GET /post/list?userId=58a2744624ff2365b33b2198&index=0&limit=2 HTTP/1.1" 200 43 "-" "Mozilla/5.0 (Macintosh; Intel Mac OS X 10_12_1) AppleWebKit/537.36 (KHTML, like Gecko) Chrome/55.0.2883.95 Safari/537.36"
::1 - - [15/Feb/2017:07:24:06 +0000] "GET /post/list?userId=58a2744624ff2365b33b2198&index=0&limit=2 HTTP/1.1" 200 43 "-" "Mozilla/5.0 (Macintosh; Intel Mac OS X 10_12_1) AppleWebKit/537.36 (KHTML, like Gecko) Chrome/55.0.2883.95 Safari/537.36"
::1 - - [15/Feb/2017:07:24:15 +0000] "POST /post/create HTTP/1.1" 200 306 "-" "Mozilla/5.0 (Macintosh; Intel Mac OS X 10_12_1) AppleWebKit/537.36 (KHTML, like Gecko) Chrome/55.0.2883.95 Safari/537.36"
::1 - - [15/Feb/2017:07:24:20 +0000] "GET /post/list?userId=58a2744624ff2365b33b2198&index=0&limit=2 HTTP/1.1" 200 43 "-" "Mozilla/5.0 (Macintosh; Intel Mac OS X 10_12_1) AppleWebKit/537.36 (KHTML, like Gecko) Chrome/55.0.2883.95 Safari/537.36"
::1 - - [15/Feb/2017:07:24:21 +0000] "GET /post/list?userId=58a2744624ff2365b33b2198&index=0&limit=2 HTTP/1.1" 200 43 "-" "Mozilla/5.0 (Macintosh; Intel Mac OS X 10_12_1) AppleWebKit/537.36 (KHTML, like Gecko) Chrome/55.0.2883.95 Safari/537.36"
::1 - - [15/Feb/2017:07:25:05 +0000] "POST /post/create HTTP/1.1" 200 306 "-" "Mozilla/5.0 (Macintosh; Intel Mac OS X 10_12_1) AppleWebKit/537.36 (KHTML, like Gecko) Chrome/55.0.2883.95 Safari/537.36"
::1 - - [15/Feb/2017:07:25:10 +0000] "GET /post/list?userId=58a2744624ff2365b33b2198&index=0&limit=2 HTTP/1.1" 200 574 "-" "Mozilla/5.0 (Macintosh; Intel Mac OS X 10_12_1) AppleWebKit/537.36 (KHTML, like Gecko) Chrome/55.0.2883.95 Safari/537.36"
::1 - - [15/Feb/2017:07:25:12 +0000] "GET /post/list?userId=58a2744624ff2365b33b2198&index=0&limit=2 HTTP/1.1" 200 574 "-" "Mozilla/5.0 (Macintosh; Intel Mac OS X 10_12_1) AppleWebKit/537.36 (KHTML, like Gecko) Chrome/55.0.2883.95 Safari/537.36"
::1 - - [15/Feb/2017:07:25:12 +0000] "GET /post/list?userId=58a2744624ff2365b33b2198&index=0&limit=2 HTTP/1.1" 200 574 "-" "Mozilla/5.0 (Macintosh; Intel Mac OS X 10_12_1) AppleWebKit/537.36 (KHTML, like Gecko) Chrome/55.0.2883.95 Safari/537.36"
::1 - - [15/Feb/2017:07:25:13 +0000] "GET /post/list?userId=58a2744624ff2365b33b2198&index=0&limit=2 HTTP/1.1" 200 574 "-" "Mozilla/5.0 (Macintosh; Intel Mac OS X 10_12_1) AppleWebKit/537.36 (KHTML, like Gecko) Chrome/55.0.2883.95 Safari/537.36"
::1 - - [15/Feb/2017:07:25:13 +0000] "GET /post/list?userId=58a2744624ff2365b33b2198&index=0&limit=2 HTTP/1.1" 200 574 "-" "Mozilla/5.0 (Macintosh; Intel Mac OS X 10_12_1) AppleWebKit/537.36 (KHTML, like Gecko) Chrome/55.0.2883.95 Safari/537.36"
::1 - - [15/Feb/2017:07:25:14 +0000] "GET /post/list?userId=58a2744624ff2365b33b2198&index=0&limit=2 HTTP/1.1" 200 574 "-" "Mozilla/5.0 (Macintosh; Intel Mac OS X 10_12_1) AppleWebKit/537.36 (KHTML, like Gecko) Chrome/55.0.2883.95 Safari/537.36"
::1 - - [15/Feb/2017:07:25:15 +0000] "GET /post/list?userId=58a2744624ff2365b33b2198&index=0&limit=2 HTTP/1.1" 200 574 "-" "Mozilla/5.0 (Macintosh; Intel Mac OS X 10_12_1) AppleWebKit/537.36 (KHTML, like Gecko) Chrome/55.0.2883.95 Safari/537.36"
::1 - - [15/Feb/2017:07:25:36 +0000] "GET /post/list?userId=58a2744624ff2365b33b2198&index=0&limit=2 HTTP/1.1" 200 574 "-" "Mozilla/5.0 (Macintosh; Intel Mac OS X 10_12_1) AppleWebKit/537.36 (KHTML, like Gecko) Chrome/55.0.2883.95 Safari/537.36"
::1 - - [15/Feb/2017:07:25:36 +0000] "GET /post/list?userId=58a2744624ff2365b33b2198&index=0&limit=2 HTTP/1.1" 200 574 "-" "Mozilla/5.0 (Macintosh; Intel Mac OS X 10_12_1) AppleWebKit/537.36 (KHTML, like Gecko) Chrome/55.0.2883.95 Safari/537.36"
::1 - - [15/Feb/2017:07:25:48 +0000] "POST /post/create HTTP/1.1" 200 248 "-" "Mozilla/5.0 (Macintosh; Intel Mac OS X 10_12_1) AppleWebKit/537.36 (KHTML, like Gecko) Chrome/55.0.2883.95 Safari/537.36"
::1 - - [15/Feb/2017:07:25:56 +0000] "GET /post/list?userId=58a2744624ff2365b33b2198&index=0&limit=2 HTTP/1.1" 200 574 "-" "Mozilla/5.0 (Macintosh; Intel Mac OS X 10_12_1) AppleWebKit/537.36 (KHTML, like Gecko) Chrome/55.0.2883.95 Safari/537.36"
::1 - - [15/Feb/2017:07:25:57 +0000] "GET /post/list?userId=58a2744624ff2365b33b2198&index=0&limit=2 HTTP/1.1" 200 574 "-" "Mozilla/5.0 (Macintosh; Intel Mac OS X 10_12_1) AppleWebKit/537.36 (KHTML, like Gecko) Chrome/55.0.2883.95 Safari/537.36"
::1 - - [15/Feb/2017:07:25:57 +0000] "GET /post/list?userId=58a2744624ff2365b33b2198&index=0&limit=2 HTTP/1.1" 200 574 "-" "Mozilla/5.0 (Macintosh; Intel Mac OS X 10_12_1) AppleWebKit/537.36 (KHTML, like Gecko) Chrome/55.0.2883.95 Safari/537.36"
::1 - - [15/Feb/2017:07:25:57 +0000] "GET /post/list?userId=58a2744624ff2365b33b2198&index=0&limit=2 HTTP/1.1" 200 574 "-" "Mozilla/5.0 (Macintosh; Intel Mac OS X 10_12_1) AppleWebKit/537.36 (KHTML, like Gecko) Chrome/55.0.2883.95 Safari/537.36"
::1 - - [15/Feb/2017:07:25:58 +0000] "GET /post/list?userId=58a2744624ff2365b33b2198&index=0&limit=2 HTTP/1.1" 200 574 "-" "Mozilla/5.0 (Macintosh; Intel Mac OS X 10_12_1) AppleWebKit/537.36 (KHTML, like Gecko) Chrome/55.0.2883.95 Safari/537.36"
::1 - - [15/Feb/2017:07:25:58 +0000] "GET /post/list?userId=58a2744624ff2365b33b2198&index=0&limit=2 HTTP/1.1" 200 574 "-" "Mozilla/5.0 (Macintosh; Intel Mac OS X 10_12_1) AppleWebKit/537.36 (KHTML, like Gecko) Chrome/55.0.2883.95 Safari/537.36"
::1 - - [15/Feb/2017:07:25:58 +0000] "GET /post/list?userId=58a2744624ff2365b33b2198&index=0&limit=2 HTTP/1.1" 200 574 "-" "Mozilla/5.0 (Macintosh; Intel Mac OS X 10_12_1) AppleWebKit/537.36 (KHTML, like Gecko) Chrome/55.0.2883.95 Safari/537.36"
::1 - - [15/Feb/2017:07:25:58 +0000] "GET /post/list?userId=58a2744624ff2365b33b2198&index=0&limit=2 HTTP/1.1" 200 574 "-" "Mozilla/5.0 (Macintosh; Intel Mac OS X 10_12_1) AppleWebKit/537.36 (KHTML, like Gecko) Chrome/55.0.2883.95 Safari/537.36"
::1 - - [15/Feb/2017:07:25:58 +0000] "GET /post/list?userId=58a2744624ff2365b33b2198&index=0&limit=2 HTTP/1.1" 200 574 "-" "Mozilla/5.0 (Macintosh; Intel Mac OS X 10_12_1) AppleWebKit/537.36 (KHTML, like Gecko) Chrome/55.0.2883.95 Safari/537.36"
::1 - - [15/Feb/2017:07:25:58 +0000] "GET /post/list?userId=58a2744624ff2365b33b2198&index=0&limit=2 HTTP/1.1" 200 574 "-" "Mozilla/5.0 (Macintosh; Intel Mac OS X 10_12_1) AppleWebKit/537.36 (KHTML, like Gecko) Chrome/55.0.2883.95 Safari/537.36"
::1 - - [15/Feb/2017:07:25:58 +0000] "GET /post/list?userId=58a2744624ff2365b33b2198&index=0&limit=2 HTTP/1.1" 200 574 "-" "Mozilla/5.0 (Macintosh; Intel Mac OS X 10_12_1) AppleWebKit/537.36 (KHTML, like Gecko) Chrome/55.0.2883.95 Safari/537.36"
::1 - - [15/Feb/2017:07:25:59 +0000] "GET /post/list?userId=58a2744624ff2365b33b2198&index=0&limit=2 HTTP/1.1" 200 574 "-" "Mozilla/5.0 (Macintosh; Intel Mac OS X 10_12_1) AppleWebKit/537.36 (KHTML, like Gecko) Chrome/55.0.2883.95 Safari/537.36"
::1 - - [15/Feb/2017:07:25:59 +0000] "GET /post/list?userId=58a2744624ff2365b33b2198&index=0&limit=2 HTTP/1.1" 200 574 "-" "Mozilla/5.0 (Macintosh; Intel Mac OS X 10_12_1) AppleWebKit/537.36 (KHTML, like Gecko) Chrome/55.0.2883.95 Safari/537.36"
::1 - - [15/Feb/2017:07:25:59 +0000] "GET /post/list?userId=58a2744624ff2365b33b2198&index=0&limit=2 HTTP/1.1" 200 574 "-" "Mozilla/5.0 (Macintosh; Intel Mac OS X 10_12_1) AppleWebKit/537.36 (KHTML, like Gecko) Chrome/55.0.2883.95 Safari/537.36"
::1 - - [15/Feb/2017:07:25:59 +0000] "GET /post/list?userId=58a2744624ff2365b33b2198&index=0&limit=2 HTTP/1.1" 200 574 "-" "Mozilla/5.0 (Macintosh; Intel Mac OS X 10_12_1) AppleWebKit/537.36 (KHTML, like Gecko) Chrome/55.0.2883.95 Safari/537.36"
::1 - - [15/Feb/2017:07:25:59 +0000] "GET /post/list?userId=58a2744624ff2365b33b2198&index=0&limit=2 HTTP/1.1" 200 574 "-" "Mozilla/5.0 (Macintosh; Intel Mac OS X 10_12_1) AppleWebKit/537.36 (KHTML, like Gecko) Chrome/55.0.2883.95 Safari/537.36"
::1 - - [15/Feb/2017:07:26:00 +0000] "GET /post/list?userId=58a2744624ff2365b33b2198&index=0&limit=2 HTTP/1.1" 200 574 "-" "Mozilla/5.0 (Macintosh; Intel Mac OS X 10_12_1) AppleWebKit/537.36 (KHTML, like Gecko) Chrome/55.0.2883.95 Safari/537.36"
::1 - - [15/Feb/2017:07:26:00 +0000] "GET /post/list?userId=58a2744624ff2365b33b2198&index=0&limit=2 HTTP/1.1" 200 574 "-" "Mozilla/5.0 (Macintosh; Intel Mac OS X 10_12_1) AppleWebKit/537.36 (KHTML, like Gecko) Chrome/55.0.2883.95 Safari/537.36"
::1 - - [15/Feb/2017:07:26:12 +0000] "GET /post/view/58a4027c663b527b1cf9745b HTTP/1.1" 200 248 "-" "Mozilla/5.0 (Macintosh; Intel Mac OS X 10_12_1) AppleWebKit/537.36 (KHTML, like Gecko) Chrome/55.0.2883.95 Safari/537.36"
::1 - - [15/Feb/2017:07:26:28 +0000] "GET /post/list?userId=58a2744624ff2365b33b2198&index=0&limit=2 HTTP/1.1" 200 527 "-" "Mozilla/5.0 (Macintosh; Intel Mac OS X 10_12_1) AppleWebKit/537.36 (KHTML, like Gecko) Chrome/55.0.2883.95 Safari/537.36"
::1 - - [15/Feb/2017:07:26:30 +0000] "GET /post/list?userId=58a2744624ff2365b33b2198&index=0&limit=2 HTTP/1.1" 200 527 "-" "Mozilla/5.0 (Macintosh; Intel Mac OS X 10_12_1) AppleWebKit/537.36 (KHTML, like Gecko) Chrome/55.0.2883.95 Safari/537.36"
::1 - - [15/Feb/2017:07:26:30 +0000] "GET /post/list?userId=58a2744624ff2365b33b2198&index=0&limit=2 HTTP/1.1" 200 527 "-" "Mozilla/5.0 (Macintosh; Intel Mac OS X 10_12_1) AppleWebKit/537.36 (KHTML, like Gecko) Chrome/55.0.2883.95 Safari/537.36"
::1 - - [15/Feb/2017:07:26:31 +0000] "GET /post/list?userId=58a2744624ff2365b33b2198&index=0&limit=2 HTTP/1.1" 200 527 "-" "Mozilla/5.0 (Macintosh; Intel Mac OS X 10_12_1) AppleWebKit/537.36 (KHTML, like Gecko) Chrome/55.0.2883.95 Safari/537.36"
::1 - - [15/Feb/2017:07:26:31 +0000] "GET /post/list?userId=58a2744624ff2365b33b2198&index=0&limit=2 HTTP/1.1" 200 527 "-" "Mozilla/5.0 (Macintosh; Intel Mac OS X 10_12_1) AppleWebKit/537.36 (KHTML, like Gecko) Chrome/55.0.2883.95 Safari/537.36"
::1 - - [15/Feb/2017:07:26:31 +0000] "GET /post/list?userId=58a2744624ff2365b33b2198&index=0&limit=2 HTTP/1.1" 200 527 "-" "Mozilla/5.0 (Macintosh; Intel Mac OS X 10_12_1) AppleWebKit/537.36 (KHTML, like Gecko) Chrome/55.0.2883.95 Safari/537.36"
::1 - - [15/Feb/2017:07:26:36 +0000] "GET /post/list?userId=58a2744624ff2365b33b2198&index=0&limit=2 HTTP/1.1" 200 527 "-" "Mozilla/5.0 (Macintosh; Intel Mac OS X 10_12_1) AppleWebKit/537.36 (KHTML, like Gecko) Chrome/55.0.2883.95 Safari/537.36"
::1 - - [15/Feb/2017:07:26:37 +0000] "GET /post/list?userId=58a2744624ff2365b33b2198&index=0&limit=2 HTTP/1.1" 200 527 "-" "Mozilla/5.0 (Macintosh; Intel Mac OS X 10_12_1) AppleWebKit/537.36 (KHTML, like Gecko) Chrome/55.0.2883.95 Safari/537.36"
::1 - - [15/Feb/2017:07:26:38 +0000] "GET /post/list?userId=58a2744624ff2365b33b2198&index=0&limit=2 HTTP/1.1" 200 527 "-" "Mozilla/5.0 (Macintosh; Intel Mac OS X 10_12_1) AppleWebKit/537.36 (KHTML, like Gecko) Chrome/55.0.2883.95 Safari/537.36"
::1 - - [15/Feb/2017:07:26:38 +0000] "GET /post/list?userId=58a2744624ff2365b33b2198&index=0&limit=2 HTTP/1.1" 200 527 "-" "Mozilla/5.0 (Macintosh; Intel Mac OS X 10_12_1) AppleWebKit/537.36 (KHTML, like Gecko) Chrome/55.0.2883.95 Safari/537.36"
::1 - - [15/Feb/2017:07:26:41 +0000] "GET /post/list?userId=58a2744624ff2365b33b2198&index=0&limit=5 HTTP/1.1" 200 1267 "-" "Mozilla/5.0 (Macintosh; Intel Mac OS X 10_12_1) AppleWebKit/537.36 (KHTML, like Gecko) Chrome/55.0.2883.95 Safari/537.36"
::1 - - [15/Feb/2017:07:26:46 +0000] "GET /post/list?userId=58a2744624ff2365b33b2198&index=0&limit=5 HTTP/1.1" 200 782 "-" "Mozilla/5.0 (Macintosh; Intel Mac OS X 10_12_1) AppleWebKit/537.36 (KHTML, like Gecko) Chrome/55.0.2883.95 Safari/537.36"
::1 - - [15/Feb/2017:07:26:50 +0000] "GET /post/list?userId=58a2744624ff2365b33b2198&index=0&limit=5 HTTP/1.1" 200 782 "-" "Mozilla/5.0 (Macintosh; Intel Mac OS X 10_12_1) AppleWebKit/537.36 (KHTML, like Gecko) Chrome/55.0.2883.95 Safari/537.36"
::1 - - [15/Feb/2017:07:26:50 +0000] "GET /post/list?userId=58a2744624ff2365b33b2198&index=0&limit=5 HTTP/1.1" 200 782 "-" "Mozilla/5.0 (Macintosh; Intel Mac OS X 10_12_1) AppleWebKit/537.36 (KHTML, like Gecko) Chrome/55.0.2883.95 Safari/537.36"
::1 - - [15/Feb/2017:07:26:51 +0000] "GET /post/list?userId=58a2744624ff2365b33b2198&index=0&limit=5 HTTP/1.1" 200 782 "-" "Mozilla/5.0 (Macintosh; Intel Mac OS X 10_12_1) AppleWebKit/537.36 (KHTML, like Gecko) Chrome/55.0.2883.95 Safari/537.36"
::1 - - [15/Feb/2017:07:26:51 +0000] "GET /post/list?userId=58a2744624ff2365b33b2198&index=0&limit=5 HTTP/1.1" 200 782 "-" "Mozilla/5.0 (Macintosh; Intel Mac OS X 10_12_1) AppleWebKit/537.36 (KHTML, like Gecko) Chrome/55.0.2883.95 Safari/537.36"
::1 - - [15/Feb/2017:07:26:51 +0000] "GET /post/list?userId=58a2744624ff2365b33b2198&index=0&limit=5 HTTP/1.1" 200 782 "-" "Mozilla/5.0 (Macintosh; Intel Mac OS X 10_12_1) AppleWebKit/537.36 (KHTML, like Gecko) Chrome/55.0.2883.95 Safari/537.36"
::1 - - [15/Feb/2017:07:26:58 +0000] "GET /post/list?userId=58a2744624ff2365b33b2198&index=0&limit=5 HTTP/1.1" 200 782 "-" "Mozilla/5.0 (Macintosh; Intel Mac OS X 10_12_1) AppleWebKit/537.36 (KHTML, like Gecko) Chrome/55.0.2883.95 Safari/537.36"
::1 - - [15/Feb/2017:07:26:58 +0000] "GET /post/list?userId=58a2744624ff2365b33b2198&index=0&limit=5 HTTP/1.1" 200 782 "-" "Mozilla/5.0 (Macintosh; Intel Mac OS X 10_12_1) AppleWebKit/537.36 (KHTML, like Gecko) Chrome/55.0.2883.95 Safari/537.36"
::1 - - [15/Feb/2017:07:26:59 +0000] "GET /post/list?userId=58a2744624ff2365b33b2198&index=0&limit=5 HTTP/1.1" 200 782 "-" "Mozilla/5.0 (Macintosh; Intel Mac OS X 10_12_1) AppleWebKit/537.36 (KHTML, like Gecko) Chrome/55.0.2883.95 Safari/537.36"
::1 - - [15/Feb/2017:07:26:59 +0000] "GET /post/list?userId=58a2744624ff2365b33b2198&index=0&limit=5 HTTP/1.1" 200 782 "-" "Mozilla/5.0 (Macintosh; Intel Mac OS X 10_12_1) AppleWebKit/537.36 (KHTML, like Gecko) Chrome/55.0.2883.95 Safari/537.36"
::1 - - [15/Feb/2017:07:27:06 +0000] "POST /post/create HTTP/1.1" 200 252 "-" "Mozilla/5.0 (Macintosh; Intel Mac OS X 10_12_1) AppleWebKit/537.36 (KHTML, like Gecko) Chrome/55.0.2883.95 Safari/537.36"
::1 - - [15/Feb/2017:07:27:10 +0000] "GET /post/list?userId=58a2744624ff2365b33b2198&index=0&limit=5 HTTP/1.1" 200 994 "-" "Mozilla/5.0 (Macintosh; Intel Mac OS X 10_12_1) AppleWebKit/537.36 (KHTML, like Gecko) Chrome/55.0.2883.95 Safari/537.36"
::1 - - [15/Feb/2017:07:28:25 +0000] "POST /user/signin HTTP/1.1" 200 225 "-" "Mozilla/5.0 (Macintosh; Intel Mac OS X 10_12_1) AppleWebKit/537.36 (KHTML, like Gecko) Chrome/55.0.2883.95 Safari/537.36"
::1 - - [15/Feb/2017:07:28:40 +0000] "GET /comment/list/58a3b3c5711d1972d65de363?index=0&limit=5 HTTP/1.1" 200 767 "-" "Mozilla/5.0 (Macintosh; Intel Mac OS X 10_12_1) AppleWebKit/537.36 (KHTML, like Gecko) Chrome/55.0.2883.95 Safari/537.36"
::1 - - [15/Feb/2017:07:29:03 +0000] "GET /post/list?userId=58a2744624ff2365b33b2198&index=0&limit=5 HTTP/1.1" 200 994 "-" "Mozilla/5.0 (Macintosh; Intel Mac OS X 10_12_1) AppleWebKit/537.36 (KHTML, like Gecko) Chrome/55.0.2883.95 Safari/537.36"
::1 - - [15/Feb/2017:07:29:15 +0000] "GET /post/delete/58a4027c663b527b1cf9745b HTTP/1.1" 200 67 "-" "Mozilla/5.0 (Macintosh; Intel Mac OS X 10_12_1) AppleWebKit/537.36 (KHTML, like Gecko) Chrome/55.0.2883.95 Safari/537.36"
::1 - - [15/Feb/2017:07:29:19 +0000] "GET /post/delete/58a4027c663b527b1cf9745b HTTP/1.1" 200 67 "-" "Mozilla/5.0 (Macintosh; Intel Mac OS X 10_12_1) AppleWebKit/537.36 (KHTML, like Gecko) Chrome/55.0.2883.95 Safari/537.36"
::1 - - [15/Feb/2017:07:29:27 +0000] "GET /post/list?userId=58a2744624ff2365b33b2198&index=0&limit=5 HTTP/1.1" 200 786 "-" "Mozilla/5.0 (Macintosh; Intel Mac OS X 10_12_1) AppleWebKit/537.36 (KHTML, like Gecko) Chrome/55.0.2883.95 Safari/537.36"
::1 - - [15/Feb/2017:07:30:03 +0000] "POST /comment/delete/58a4027c663b527b1cf9745b HTTP/1.1" 200 65 "-" "Mozilla/5.0 (Macintosh; Intel Mac OS X 10_12_1) AppleWebKit/537.36 (KHTML, like Gecko) Chrome/55.0.2883.95 Safari/537.36"
::1 - - [15/Feb/2017:07:30:32 +0000] "GET /comment/delete/58a3ffe7285df07a0edf2207 HTTP/1.1" 200 67 "-" "Mozilla/5.0 (Macintosh; Intel Mac OS X 10_12_1) AppleWebKit/537.36 (KHTML, like Gecko) Chrome/55.0.2883.95 Safari/537.36"
::1 - - [15/Feb/2017:07:30:33 +0000] "GET /comment/delete/58a3ffe7285df07a0edf2207 HTTP/1.1" 200 67 "-" "Mozilla/5.0 (Macintosh; Intel Mac OS X 10_12_1) AppleWebKit/537.36 (KHTML, like Gecko) Chrome/55.0.2883.95 Safari/537.36"
::1 - - [15/Feb/2017:07:30:39 +0000] "GET /comment/list/58a3b3c5711d1972d65de363?index=0&limit=5 HTTP/1.1" 200 526 "-" "Mozilla/5.0 (Macintosh; Intel Mac OS X 10_12_1) AppleWebKit/537.36 (KHTML, like Gecko) Chrome/55.0.2883.95 Safari/537.36"
::1 - - [15/Feb/2017:08:41:27 +0000] "POST /category/create HTTP/1.1" 200 162 "-" "Mozilla/5.0 (Macintosh; Intel Mac OS X 10_12_1) AppleWebKit/537.36 (KHTML, like Gecko) Chrome/55.0.2883.95 Safari/537.36"
::1 - - [15/Feb/2017:08:41:38 +0000] "POST /category/create HTTP/1.1" 200 166 "-" "Mozilla/5.0 (Macintosh; Intel Mac OS X 10_12_1) AppleWebKit/537.36 (KHTML, like Gecko) Chrome/55.0.2883.95 Safari/537.36"
::1 - - [15/Feb/2017:08:41:42 +0000] "POST /category/create HTTP/1.1" 200 162 "-" "Mozilla/5.0 (Macintosh; Intel Mac OS X 10_12_1) AppleWebKit/537.36 (KHTML, like Gecko) Chrome/55.0.2883.95 Safari/537.36"
::1 - - [15/Feb/2017:08:41:55 +0000] "POST /category/create HTTP/1.1" 200 168 "-" "Mozilla/5.0 (Macintosh; Intel Mac OS X 10_12_1) AppleWebKit/537.36 (KHTML, like Gecko) Chrome/55.0.2883.95 Safari/537.36"
::1 - - [15/Feb/2017:08:43:00 +0000] "GET /category/list/58a3b3c5711d1972d65de363 HTTP/1.1" 200 43 "-" "Mozilla/5.0 (Macintosh; Intel Mac OS X 10_12_1) AppleWebKit/537.36 (KHTML, like Gecko) Chrome/55.0.2883.95 Safari/537.36"
::1 - - [15/Feb/2017:08:43:58 +0000] "GET /category/list/58a2744624ff2365b33b2198 HTTP/1.1" 200 540 "-" "Mozilla/5.0 (Macintosh; Intel Mac OS X 10_12_1) AppleWebKit/537.36 (KHTML, like Gecko) Chrome/55.0.2883.95 Safari/537.36"
::1 - - [15/Feb/2017:08:44:01 +0000] "POST /category/list HTTP/1.1" - - "-" "Mozilla/5.0 (Macintosh; Intel Mac OS X 10_12_1) AppleWebKit/537.36 (KHTML, like Gecko) Chrome/55.0.2883.95 Safari/537.36"
::1 - - [15/Feb/2017:08:45:07 +0000] "POST /category/eidt/58a414377cbfee7e2da55ac1 HTTP/1.1" 200 67 "-" "Mozilla/5.0 (Macintosh; Intel Mac OS X 10_12_1) AppleWebKit/537.36 (KHTML, like Gecko) Chrome/55.0.2883.95 Safari/537.36"
::1 - - [15/Feb/2017:08:45:13 +0000] "GET /category/list/58a2744624ff2365b33b2198 HTTP/1.1" 200 546 "-" "Mozilla/5.0 (Macintosh; Intel Mac OS X 10_12_1) AppleWebKit/537.36 (KHTML, like Gecko) Chrome/55.0.2883.95 Safari/537.36"
::1 - - [15/Feb/2017:08:45:19 +0000] "POST /category/eidt/58a414377cbfee7e2da55ac1 HTTP/1.1" 200 67 "-" "Mozilla/5.0 (Macintosh; Intel Mac OS X 10_12_1) AppleWebKit/537.36 (KHTML, like Gecko) Chrome/55.0.2883.95 Safari/537.36"
::1 - - [15/Feb/2017:08:46:01 +0000] "POST /category/list HTTP/1.1" - - "-" "Mozilla/5.0 (Macintosh; Intel Mac OS X 10_12_1) AppleWebKit/537.36 (KHTML, like Gecko) Chrome/55.0.2883.95 Safari/537.36"
::1 - - [15/Feb/2017:08:46:43 +0000] "GET /category/list/58a2744624ff2365b33b2198 HTTP/1.1" 200 546 "-" "Mozilla/5.0 (Macintosh; Intel Mac OS X 10_12_1) AppleWebKit/537.36 (KHTML, like Gecko) Chrome/55.0.2883.95 Safari/537.36"
::1 - - [15/Feb/2017:08:48:00 +0000] "POST /post/create HTTP/1.1" 200 242 "-" "Mozilla/5.0 (Macintosh; Intel Mac OS X 10_12_1) AppleWebKit/537.36 (KHTML, like Gecko) Chrome/55.0.2883.95 Safari/537.36"
::1 - - [15/Feb/2017:08:48:01 +0000] "POST /category/list HTTP/1.1" - - "-" "Mozilla/5.0 (Macintosh; Intel Mac OS X 10_12_1) AppleWebKit/537.36 (KHTML, like Gecko) Chrome/55.0.2883.95 Safari/537.36"
::1 - - [15/Feb/2017:08:48:27 +0000] "POST /post/create HTTP/1.1" 200 285 "-" "Mozilla/5.0 (Macintosh; Intel Mac OS X 10_12_1) AppleWebKit/537.36 (KHTML, like Gecko) Chrome/55.0.2883.95 Safari/537.36"
::1 - - [15/Feb/2017:08:48:33 +0000] "POST /post/create HTTP/1.1" 200 285 "-" "Mozilla/5.0 (Macintosh; Intel Mac OS X 10_12_1) AppleWebKit/537.36 (KHTML, like Gecko) Chrome/55.0.2883.95 Safari/537.36"
::1 - - [15/Feb/2017:08:48:33 +0000] "POST /post/create HTTP/1.1" 200 285 "-" "Mozilla/5.0 (Macintosh; Intel Mac OS X 10_12_1) AppleWebKit/537.36 (KHTML, like Gecko) Chrome/55.0.2883.95 Safari/537.36"
::1 - - [15/Feb/2017:08:50:22 +0000] "GET /post/list?userId=58a2744624ff2365b33b2198&index=0&limit=5 HTTP/1.1" 200 114 "-" "Mozilla/5.0 (Macintosh; Intel Mac OS X 10_12_1) AppleWebKit/537.36 (KHTML, like Gecko) Chrome/55.0.2883.95 Safari/537.36"
::1 - - [15/Feb/2017:08:51:26 +0000] "GET /post/list?userId=58a2744624ff2365b33b2198&index=0&limit=5 HTTP/1.1" 200 244 "-" "Mozilla/5.0 (Macintosh; Intel Mac OS X 10_12_1) AppleWebKit/537.36 (KHTML, like Gecko) Chrome/55.0.2883.95 Safari/537.36"
::1 - - [15/Feb/2017:08:54:28 +0000] "GET /post/list?userId=58a2744624ff2365b33b2198&index=0&limit=5 HTTP/1.1" 200 244 "-" "Mozilla/5.0 (Macintosh; Intel Mac OS X 10_12_1) AppleWebKit/537.36 (KHTML, like Gecko) Chrome/55.0.2883.95 Safari/537.36"
::1 - - [15/Feb/2017:08:54:57 +0000] "POST /post/create HTTP/1.1" 200 285 "-" "Mozilla/5.0 (Macintosh; Intel Mac OS X 10_12_1) AppleWebKit/537.36 (KHTML, like Gecko) Chrome/55.0.2883.95 Safari/537.36"
::1 - - [15/Feb/2017:08:54:58 +0000] "POST /post/create HTTP/1.1" 200 285 "-" "Mozilla/5.0 (Macintosh; Intel Mac OS X 10_12_1) AppleWebKit/537.36 (KHTML, like Gecko) Chrome/55.0.2883.95 Safari/537.36"
::1 - - [15/Feb/2017:08:54:58 +0000] "POST /post/create HTTP/1.1" 200 285 "-" "Mozilla/5.0 (Macintosh; Intel Mac OS X 10_12_1) AppleWebKit/537.36 (KHTML, like Gecko) Chrome/55.0.2883.95 Safari/537.36"
::1 - - [15/Feb/2017:08:54:58 +0000] "POST /post/create HTTP/1.1" 200 285 "-" "Mozilla/5.0 (Macintosh; Intel Mac OS X 10_12_1) AppleWebKit/537.36 (KHTML, like Gecko) Chrome/55.0.2883.95 Safari/537.36"
::1 - - [15/Feb/2017:08:55:01 +0000] "GET /post/list?userId=58a2744624ff2365b33b2198&index=0&limit=5 HTTP/1.1" 200 244 "-" "Mozilla/5.0 (Macintosh; Intel Mac OS X 10_12_1) AppleWebKit/537.36 (KHTML, like Gecko) Chrome/55.0.2883.95 Safari/537.36"
::1 - - [15/Feb/2017:08:55:02 +0000] "GET /post/list?userId=58a2744624ff2365b33b2198&index=0&limit=5 HTTP/1.1" 200 244 "-" "Mozilla/5.0 (Macintosh; Intel Mac OS X 10_12_1) AppleWebKit/537.36 (KHTML, like Gecko) Chrome/55.0.2883.95 Safari/537.36"
::1 - - [15/Feb/2017:08:55:03 +0000] "GET /post/list?userId=58a2744624ff2365b33b2198&index=0&limit=5 HTTP/1.1" 200 244 "-" "Mozilla/5.0 (Macintosh; Intel Mac OS X 10_12_1) AppleWebKit/537.36 (KHTML, like Gecko) Chrome/55.0.2883.95 Safari/537.36"
::1 - - [15/Feb/2017:08:55:03 +0000] "GET /post/list?userId=58a2744624ff2365b33b2198&index=0&limit=5 HTTP/1.1" 200 244 "-" "Mozilla/5.0 (Macintosh; Intel Mac OS X 10_12_1) AppleWebKit/537.36 (KHTML, like Gecko) Chrome/55.0.2883.95 Safari/537.36"
::1 - - [15/Feb/2017:08:55:03 +0000] "GET /post/list?userId=58a2744624ff2365b33b2198&index=0&limit=5 HTTP/1.1" 200 244 "-" "Mozilla/5.0 (Macintosh; Intel Mac OS X 10_12_1) AppleWebKit/537.36 (KHTML, like Gecko) Chrome/55.0.2883.95 Safari/537.36"
::1 - - [15/Feb/2017:08:55:04 +0000] "GET /post/list?userId=58a2744624ff2365b33b2198&index=0&limit=5 HTTP/1.1" 200 244 "-" "Mozilla/5.0 (Macintosh; Intel Mac OS X 10_12_1) AppleWebKit/537.36 (KHTML, like Gecko) Chrome/55.0.2883.95 Safari/537.36"
::1 - - [15/Feb/2017:08:55:05 +0000] "GET /post/list?userId=58a2744624ff2365b33b2198&index=0&limit=5 HTTP/1.1" 200 244 "-" "Mozilla/5.0 (Macintosh; Intel Mac OS X 10_12_1) AppleWebKit/537.36 (KHTML, like Gecko) Chrome/55.0.2883.95 Safari/537.36"
::1 - - [15/Feb/2017:08:55:05 +0000] "GET /post/list?userId=58a2744624ff2365b33b2198&index=0&limit=5 HTTP/1.1" 200 244 "-" "Mozilla/5.0 (Macintosh; Intel Mac OS X 10_12_1) AppleWebKit/537.36 (KHTML, like Gecko) Chrome/55.0.2883.95 Safari/537.36"
::1 - - [15/Feb/2017:08:55:05 +0000] "GET /post/list?userId=58a2744624ff2365b33b2198&index=0&limit=5 HTTP/1.1" 200 244 "-" "Mozilla/5.0 (Macintosh; Intel Mac OS X 10_12_1) AppleWebKit/537.36 (KHTML, like Gecko) Chrome/55.0.2883.95 Safari/537.36"
::1 - - [15/Feb/2017:08:55:05 +0000] "GET /post/list?userId=58a2744624ff2365b33b2198&index=0&limit=5 HTTP/1.1" 200 244 "-" "Mozilla/5.0 (Macintosh; Intel Mac OS X 10_12_1) AppleWebKit/537.36 (KHTML, like Gecko) Chrome/55.0.2883.95 Safari/537.36"
::1 - - [15/Feb/2017:08:55:06 +0000] "GET /post/list?userId=58a2744624ff2365b33b2198&index=0&limit=5 HTTP/1.1" 200 244 "-" "Mozilla/5.0 (Macintosh; Intel Mac OS X 10_12_1) AppleWebKit/537.36 (KHTML, like Gecko) Chrome/55.0.2883.95 Safari/537.36"
::1 - - [15/Feb/2017:08:55:06 +0000] "GET /post/list?userId=58a2744624ff2365b33b2198&index=0&limit=5 HTTP/1.1" 200 244 "-" "Mozilla/5.0 (Macintosh; Intel Mac OS X 10_12_1) AppleWebKit/537.36 (KHTML, like Gecko) Chrome/55.0.2883.95 Safari/537.36"
::1 - - [15/Feb/2017:08:55:06 +0000] "GET /post/list?userId=58a2744624ff2365b33b2198&index=0&limit=5 HTTP/1.1" 200 244 "-" "Mozilla/5.0 (Macintosh; Intel Mac OS X 10_12_1) AppleWebKit/537.36 (KHTML, like Gecko) Chrome/55.0.2883.95 Safari/537.36"
::1 - - [15/Feb/2017:08:55:06 +0000] "GET /post/list?userId=58a2744624ff2365b33b2198&index=0&limit=5 HTTP/1.1" 200 244 "-" "Mozilla/5.0 (Macintosh; Intel Mac OS X 10_12_1) AppleWebKit/537.36 (KHTML, like Gecko) Chrome/55.0.2883.95 Safari/537.36"
::1 - - [15/Feb/2017:08:55:06 +0000] "GET /post/list?userId=58a2744624ff2365b33b2198&index=0&limit=5 HTTP/1.1" 200 244 "-" "Mozilla/5.0 (Macintosh; Intel Mac OS X 10_12_1) AppleWebKit/537.36 (KHTML, like Gecko) Chrome/55.0.2883.95 Safari/537.36"
::1 - - [15/Feb/2017:08:55:06 +0000] "GET /post/list?userId=58a2744624ff2365b33b2198&index=0&limit=5 HTTP/1.1" 200 244 "-" "Mozilla/5.0 (Macintosh; Intel Mac OS X 10_12_1) AppleWebKit/537.36 (KHTML, like Gecko) Chrome/55.0.2883.95 Safari/537.36"
::1 - - [15/Feb/2017:08:55:07 +0000] "GET /post/list?userId=58a2744624ff2365b33b2198&index=0&limit=5 HTTP/1.1" 200 244 "-" "Mozilla/5.0 (Macintosh; Intel Mac OS X 10_12_1) AppleWebKit/537.36 (KHTML, like Gecko) Chrome/55.0.2883.95 Safari/537.36"
::1 - - [15/Feb/2017:08:55:07 +0000] "GET /post/list?userId=58a2744624ff2365b33b2198&index=0&limit=5 HTTP/1.1" 200 244 "-" "Mozilla/5.0 (Macintosh; Intel Mac OS X 10_12_1) AppleWebKit/537.36 (KHTML, like Gecko) Chrome/55.0.2883.95 Safari/537.36"
::1 - - [15/Feb/2017:08:55:07 +0000] "GET /post/list?userId=58a2744624ff2365b33b2198&index=0&limit=5 HTTP/1.1" 200 244 "-" "Mozilla/5.0 (Macintosh; Intel Mac OS X 10_12_1) AppleWebKit/537.36 (KHTML, like Gecko) Chrome/55.0.2883.95 Safari/537.36"
::1 - - [15/Feb/2017:08:55:07 +0000] "GET /post/list?userId=58a2744624ff2365b33b2198&index=0&limit=5 HTTP/1.1" 200 244 "-" "Mozilla/5.0 (Macintosh; Intel Mac OS X 10_12_1) AppleWebKit/537.36 (KHTML, like Gecko) Chrome/55.0.2883.95 Safari/537.36"
::1 - - [15/Feb/2017:08:55:07 +0000] "GET /post/list?userId=58a2744624ff2365b33b2198&index=0&limit=5 HTTP/1.1" 200 244 "-" "Mozilla/5.0 (Macintosh; Intel Mac OS X 10_12_1) AppleWebKit/537.36 (KHTML, like Gecko) Chrome/55.0.2883.95 Safari/537.36"
::1 - - [15/Feb/2017:08:55:08 +0000] "GET /post/list?userId=58a2744624ff2365b33b2198&index=0&limit=5 HTTP/1.1" 200 244 "-" "Mozilla/5.0 (Macintosh; Intel Mac OS X 10_12_1) AppleWebKit/537.36 (KHTML, like Gecko) Chrome/55.0.2883.95 Safari/537.36"
::1 - - [15/Feb/2017:08:55:08 +0000] "GET /post/list?userId=58a2744624ff2365b33b2198&index=0&limit=5 HTTP/1.1" 200 244 "-" "Mozilla/5.0 (Macintosh; Intel Mac OS X 10_12_1) AppleWebKit/537.36 (KHTML, like Gecko) Chrome/55.0.2883.95 Safari/537.36"
::1 - - [15/Feb/2017:08:55:08 +0000] "GET /post/list?userId=58a2744624ff2365b33b2198&index=0&limit=5 HTTP/1.1" 200 244 "-" "Mozilla/5.0 (Macintosh; Intel Mac OS X 10_12_1) AppleWebKit/537.36 (KHTML, like Gecko) Chrome/55.0.2883.95 Safari/537.36"
::1 - - [15/Feb/2017:08:55:08 +0000] "GET /post/list?userId=58a2744624ff2365b33b2198&index=0&limit=5 HTTP/1.1" 200 244 "-" "Mozilla/5.0 (Macintosh; Intel Mac OS X 10_12_1) AppleWebKit/537.36 (KHTML, like Gecko) Chrome/55.0.2883.95 Safari/537.36"
::1 - - [15/Feb/2017:08:55:09 +0000] "GET /post/list?userId=58a2744624ff2365b33b2198&index=0&limit=5 HTTP/1.1" 200 244 "-" "Mozilla/5.0 (Macintosh; Intel Mac OS X 10_12_1) AppleWebKit/537.36 (KHTML, like Gecko) Chrome/55.0.2883.95 Safari/537.36"
::1 - - [15/Feb/2017:08:55:09 +0000] "GET /post/list?userId=58a2744624ff2365b33b2198&index=0&limit=5 HTTP/1.1" 200 244 "-" "Mozilla/5.0 (Macintosh; Intel Mac OS X 10_12_1) AppleWebKit/537.36 (KHTML, like Gecko) Chrome/55.0.2883.95 Safari/537.36"
::1 - - [15/Feb/2017:08:55:09 +0000] "GET /post/list?userId=58a2744624ff2365b33b2198&index=0&limit=5 HTTP/1.1" 200 244 "-" "Mozilla/5.0 (Macintosh; Intel Mac OS X 10_12_1) AppleWebKit/537.36 (KHTML, like Gecko) Chrome/55.0.2883.95 Safari/537.36"
::1 - - [15/Feb/2017:08:55:09 +0000] "GET /post/list?userId=58a2744624ff2365b33b2198&index=0&limit=5 HTTP/1.1" 200 244 "-" "Mozilla/5.0 (Macintosh; Intel Mac OS X 10_12_1) AppleWebKit/537.36 (KHTML, like Gecko) Chrome/55.0.2883.95 Safari/537.36"
::1 - - [15/Feb/2017:08:55:10 +0000] "GET /post/list?userId=58a2744624ff2365b33b2198&index=0&limit=5 HTTP/1.1" 200 244 "-" "Mozilla/5.0 (Macintosh; Intel Mac OS X 10_12_1) AppleWebKit/537.36 (KHTML, like Gecko) Chrome/55.0.2883.95 Safari/537.36"
::1 - - [15/Feb/2017:08:55:10 +0000] "GET /post/list?userId=58a2744624ff2365b33b2198&index=0&limit=5 HTTP/1.1" 200 244 "-" "Mozilla/5.0 (Macintosh; Intel Mac OS X 10_12_1) AppleWebKit/537.36 (KHTML, like Gecko) Chrome/55.0.2883.95 Safari/537.36"
::1 - - [15/Feb/2017:08:55:10 +0000] "GET /post/list?userId=58a2744624ff2365b33b2198&index=0&limit=5 HTTP/1.1" 200 244 "-" "Mozilla/5.0 (Macintosh; Intel Mac OS X 10_12_1) AppleWebKit/537.36 (KHTML, like Gecko) Chrome/55.0.2883.95 Safari/537.36"
::1 - - [15/Feb/2017:08:55:10 +0000] "GET /post/list?userId=58a2744624ff2365b33b2198&index=0&limit=5 HTTP/1.1" 200 244 "-" "Mozilla/5.0 (Macintosh; Intel Mac OS X 10_12_1) AppleWebKit/537.36 (KHTML, like Gecko) Chrome/55.0.2883.95 Safari/537.36"
::1 - - [15/Feb/2017:08:55:11 +0000] "GET /post/list?userId=58a2744624ff2365b33b2198&index=0&limit=5 HTTP/1.1" 200 244 "-" "Mozilla/5.0 (Macintosh; Intel Mac OS X 10_12_1) AppleWebKit/537.36 (KHTML, like Gecko) Chrome/55.0.2883.95 Safari/537.36"
::1 - - [15/Feb/2017:08:55:11 +0000] "GET /post/list?userId=58a2744624ff2365b33b2198&index=0&limit=5 HTTP/1.1" 200 244 "-" "Mozilla/5.0 (Macintosh; Intel Mac OS X 10_12_1) AppleWebKit/537.36 (KHTML, like Gecko) Chrome/55.0.2883.95 Safari/537.36"
::1 - - [15/Feb/2017:08:55:11 +0000] "GET /post/list?userId=58a2744624ff2365b33b2198&index=0&limit=5 HTTP/1.1" 200 244 "-" "Mozilla/5.0 (Macintosh; Intel Mac OS X 10_12_1) AppleWebKit/537.36 (KHTML, like Gecko) Chrome/55.0.2883.95 Safari/537.36"
::1 - - [15/Feb/2017:08:55:12 +0000] "GET /post/list?userId=58a2744624ff2365b33b2198&index=0&limit=5 HTTP/1.1" 200 244 "-" "Mozilla/5.0 (Macintosh; Intel Mac OS X 10_12_1) AppleWebKit/537.36 (KHTML, like Gecko) Chrome/55.0.2883.95 Safari/537.36"
::1 - - [15/Feb/2017:08:55:12 +0000] "GET /post/list?userId=58a2744624ff2365b33b2198&index=0&limit=5 HTTP/1.1" 200 244 "-" "Mozilla/5.0 (Macintosh; Intel Mac OS X 10_12_1) AppleWebKit/537.36 (KHTML, like Gecko) Chrome/55.0.2883.95 Safari/537.36"
::1 - - [15/Feb/2017:08:55:17 +0000] "GET /post/list?userId=58a2744624ff2365b33b2198&index=0&limit=5 HTTP/1.1" 200 1176 "-" "Mozilla/5.0 (Macintosh; Intel Mac OS X 10_12_1) AppleWebKit/537.36 (KHTML, like Gecko) Chrome/55.0.2883.95 Safari/537.36"
::1 - - [15/Feb/2017:08:55:41 +0000] "GET /post/list?userId=58a2744624ff2365b33b2198&index=0&limit=10 HTTP/1.1" 200 2401 "-" "Mozilla/5.0 (Macintosh; Intel Mac OS X 10_12_1) AppleWebKit/537.36 (KHTML, like Gecko) Chrome/55.0.2883.95 Safari/537.36"
::1 - - [15/Feb/2017:08:55:47 +0000] "GET /post/list?userId=58a2744624ff2365b33b2198&index=1&limit=5 HTTP/1.1" 200 1267 "-" "Mozilla/5.0 (Macintosh; Intel Mac OS X 10_12_1) AppleWebKit/537.36 (KHTML, like Gecko) Chrome/55.0.2883.95 Safari/537.36"
::1 - - [15/Feb/2017:08:56:14 +0000] "GET /post/list?userId=58a2744624ff2365b33b2198&index=1&limit=5 HTTP/1.1" 200 43 "-" "Mozilla/5.0 (Macintosh; Intel Mac OS X 10_12_1) AppleWebKit/537.36 (KHTML, like Gecko) Chrome/55.0.2883.95 Safari/537.36"
::1 - - [15/Feb/2017:08:56:15 +0000] "GET /post/list?userId=58a2744624ff2365b33b2198&index=1&limit=5 HTTP/1.1" 200 43 "-" "Mozilla/5.0 (Macintosh; Intel Mac OS X 10_12_1) AppleWebKit/537.36 (KHTML, like Gecko) Chrome/55.0.2883.95 Safari/537.36"
::1 - - [15/Feb/2017:08:59:33 +0000] "GET /post/list?userId=58a2744624ff2365b33b2198&index=1&limit=5 HTTP/1.1" 500 1939 "-" "Mozilla/5.0 (Macintosh; Intel Mac OS X 10_12_1) AppleWebKit/537.36 (KHTML, like Gecko) Chrome/55.0.2883.95 Safari/537.36"
::1 - - [15/Feb/2017:08:59:45 +0000] "GET /post/list?userId=58a2744624ff2365b33b2198&index=1&limit=5 HTTP/1.1" 200 1267 "-" "Mozilla/5.0 (Macintosh; Intel Mac OS X 10_12_1) AppleWebKit/537.36 (KHTML, like Gecko) Chrome/55.0.2883.95 Safari/537.36"
::1 - - [15/Feb/2017:09:01:41 +0000] "GET /post/delete/58a414377cbfee7e2da55ac1 HTTP/1.1" 200 65 "-" "Mozilla/5.0 (Macintosh; Intel Mac OS X 10_12_1) AppleWebKit/537.36 (KHTML, like Gecko) Chrome/55.0.2883.95 Safari/537.36"
::1 - - [15/Feb/2017:10:14:00 +0000] "GET /category/delete/58a414377cbfee7e2da55ac1 HTTP/1.1" 200 69 "-" "Mozilla/5.0 (Macintosh; Intel Mac OS X 10_12_1) AppleWebKit/537.36 (KHTML, like Gecko) Chrome/55.0.2883.95 Safari/537.36"
::1 - - [15/Feb/2017:10:14:37 +0000] "GET /category/list/58a2744624ff2365b33b2198 HTTP/1.1" 200 546 "-" "Mozilla/5.0 (Macintosh; Intel Mac OS X 10_12_1) AppleWebKit/537.36 (KHTML, like Gecko) Chrome/55.0.2883.95 Safari/537.36"
::1 - - [15/Feb/2017:10:14:58 +0000] "GET /category/list/58a2744624ff2365b33b2198 HTTP/1.1" 200 170 "-" "Mozilla/5.0 (Macintosh; Intel Mac OS X 10_12_1) AppleWebKit/537.36 (KHTML, like Gecko) Chrome/55.0.2883.95 Safari/537.36"
::1 - - [15/Feb/2017:10:15:03 +0000] "GET /category/list/58a2744624ff2365b33b2198 HTTP/1.1" 200 418 "-" "Mozilla/5.0 (Macintosh; Intel Mac OS X 10_12_1) AppleWebKit/537.36 (KHTML, like Gecko) Chrome/55.0.2883.95 Safari/537.36"
::1 - - [15/Feb/2017:10:15:09 +0000] "GET /post/list?userId=58a2744624ff2365b33b2198&index=1&limit=5 HTTP/1.1" 200 1267 "-" "Mozilla/5.0 (Macintosh; Intel Mac OS X 10_12_1) AppleWebKit/537.36 (KHTML, like Gecko) Chrome/55.0.2883.95 Safari/537.36"
::1 - - [15/Feb/2017:10:15:39 +0000] "GET /post/list?userId=58a2744624ff2365b33b2198&index=1&limit=5 HTTP/1.1" 200 43 "-" "Mozilla/5.0 (Macintosh; Intel Mac OS X 10_12_1) AppleWebKit/537.36 (KHTML, like Gecko) Chrome/55.0.2883.95 Safari/537.36"
::1 - - [15/Feb/2017:10:15:44 +0000] "GET /post/list?userId=58a2744624ff2365b33b2198&index=0&limit=5 HTTP/1.1" 200 476 "-" "Mozilla/5.0 (Macintosh; Intel Mac OS X 10_12_1) AppleWebKit/537.36 (KHTML, like Gecko) Chrome/55.0.2883.95 Safari/537.36"
::1 - - [16/Feb/2017:00:45:19 +0000] "GET /category/list/58a2744624ff2365b33b2198 HTTP/1.1" 200 418 "-" "Mozilla/5.0 (Macintosh; Intel Mac OS X 10_12_1) AppleWebKit/537.36 (KHTML, like Gecko) Chrome/55.0.2883.95 Safari/537.36"
